
image.elf:     file format elf32-bigmips


Disassembly of section .text:

40000000 <_entry>:
40000000:	3c054000 	lui	a1,0x4000
40000004:	24a53200 	addiu	a1,a1,12800
40000008:	3c044008 	lui	a0,0x4008
4000000c:	2484e538 	addiu	a0,a0,-6856
40000010:	3c1c4001 	lui	gp,0x4001
40000014:	279cb1ec 	addiu	gp,gp,-19988
40000018:	3c1d5000 	lui	sp,0x5000
4000001c:	27bdfffc 	addiu	sp,sp,-4
40000020:	aca00000 	sw	zero,0(a1)
40000024:	00a4182a 	slt	v1,a1,a0
40000028:	24a50004 	addiu	a1,a1,4
4000002c:	1460fffc 	bnez	v1,40000020 <_entry+0x20>
40000030:	00000000 	nop
40000034:	3c1b4000 	lui	k1,0x4000
40000038:	277b0100 	addiu	k1,k1,256
4000003c:	3c1af000 	lui	k0,0xf000
40000040:	af5b0000 	sw	k1,0(k0)
40000044:	0c0005c1 	jal	40001704 <main>
40000048:	00000000 	nop
4000004c:	3c1ae000 	lui	k0,0xe000
40000050:	af400000 	sw	zero,0(k0)
40000054:	1000ffff 	b	40000054 <_entry+0x54>
40000058:	00000000 	nop
	...

40000100 <_isr>:
40000100:	00000000 	nop
40000104:	27bdff98 	addiu	sp,sp,-104
40000108:	afa10010 	sw	at,16(sp)
4000010c:	afa20014 	sw	v0,20(sp)
40000110:	afa30018 	sw	v1,24(sp)
40000114:	afa4001c 	sw	a0,28(sp)
40000118:	afa50020 	sw	a1,32(sp)
4000011c:	afa60024 	sw	a2,36(sp)
40000120:	afa70028 	sw	a3,40(sp)
40000124:	afa8002c 	sw	t0,44(sp)
40000128:	afa90030 	sw	t1,48(sp)
4000012c:	afaa0034 	sw	t2,52(sp)
40000130:	afab0038 	sw	t3,56(sp)
40000134:	afac003c 	sw	t4,60(sp)
40000138:	afad0040 	sw	t5,64(sp)
4000013c:	afae0044 	sw	t6,68(sp)
40000140:	afaf0048 	sw	t7,72(sp)
40000144:	afb8004c 	sw	t8,76(sp)
40000148:	afb90050 	sw	t9,80(sp)
4000014c:	afbf0054 	sw	ra,84(sp)
40000150:	3c1af000 	lui	k0,0xf000
40000154:	375a0040 	ori	k0,k0,0x40
40000158:	8f5a0000 	lw	k0,0(k0)
4000015c:	275afffc 	addiu	k0,k0,-4
40000160:	afba0058 	sw	k0,88(sp)
40000164:	0000d810 	mfhi	k1
40000168:	afbb005c 	sw	k1,92(sp)
4000016c:	0000d812 	mflo	k1
40000170:	afbb0060 	sw	k1,96(sp)
40000174:	3c05f000 	lui	a1,0xf000
40000178:	8ca40010 	lw	a0,16(a1)
4000017c:	8ca60020 	lw	a2,32(a1)
40000180:	00862024 	and	a0,a0,a2
40000184:	0c0001ef 	jal	400007bc <_irq_handler>
40000188:	27a50000 	addiu	a1,sp,0
4000018c:	8fa10010 	lw	at,16(sp)
40000190:	8fa20014 	lw	v0,20(sp)
40000194:	8fa30018 	lw	v1,24(sp)
40000198:	8fa4001c 	lw	a0,28(sp)
4000019c:	8fa50020 	lw	a1,32(sp)
400001a0:	8fa60024 	lw	a2,36(sp)
400001a4:	8fa70028 	lw	a3,40(sp)
400001a8:	8fa8002c 	lw	t0,44(sp)
400001ac:	8fa90030 	lw	t1,48(sp)
400001b0:	8faa0034 	lw	t2,52(sp)
400001b4:	8fab0038 	lw	t3,56(sp)
400001b8:	8fac003c 	lw	t4,60(sp)
400001bc:	8fad0040 	lw	t5,64(sp)
400001c0:	8fae0044 	lw	t6,68(sp)
400001c4:	8faf0048 	lw	t7,72(sp)
400001c8:	8fb8004c 	lw	t8,76(sp)
400001cc:	8fb90050 	lw	t9,80(sp)
400001d0:	8fbf0054 	lw	ra,84(sp)
400001d4:	8fba0058 	lw	k0,88(sp)
400001d8:	8fbb005c 	lw	k1,92(sp)
400001dc:	03600011 	mthi	k1
400001e0:	8fbb0060 	lw	k1,96(sp)
400001e4:	03600013 	mtlo	k1
400001e8:	27bd0068 	addiu	sp,sp,104
400001ec:	341b0001 	li	k1,0x1
400001f0:	3c1af000 	lui	k0,0xf000
400001f4:	375a0030 	ori	k0,k0,0x30
400001f8:	af5b0000 	sw	k1,0(k0)
400001fc:	8fbafff0 	lw	k0,-16(sp)
40000200:	03400008 	jr	k0
40000204:	00000000 	nop

40000208 <_interrupt_set>:
40000208:	3c03f000 	lui	v1,0xf000
4000020c:	34630030 	ori	v1,v1,0x30
40000210:	8c620000 	lw	v0,0(v1)
40000214:	ac640000 	sw	a0,0(v1)
40000218:	03e00008 	jr	ra
4000021c:	00000000 	nop

40000220 <setjmp>:
40000220:	ac900000 	sw	s0,0(a0)
40000224:	ac910004 	sw	s1,4(a0)
40000228:	ac920008 	sw	s2,8(a0)
4000022c:	ac93000c 	sw	s3,12(a0)
40000230:	ac940010 	sw	s4,16(a0)
40000234:	ac950014 	sw	s5,20(a0)
40000238:	ac960018 	sw	s6,24(a0)
4000023c:	ac97001c 	sw	s7,28(a0)
40000240:	ac9e0020 	sw	s8,32(a0)
40000244:	ac9c0024 	sw	gp,36(a0)
40000248:	ac9d0028 	sw	sp,40(a0)
4000024c:	ac9f002c 	sw	ra,44(a0)
40000250:	34020000 	li	v0,0x0
40000254:	03e00008 	jr	ra
40000258:	00000000 	nop

4000025c <longjmp>:
4000025c:	8c900000 	lw	s0,0(a0)
40000260:	8c910004 	lw	s1,4(a0)
40000264:	8c920008 	lw	s2,8(a0)
40000268:	8c93000c 	lw	s3,12(a0)
4000026c:	8c940010 	lw	s4,16(a0)
40000270:	8c950014 	lw	s5,20(a0)
40000274:	8c960018 	lw	s6,24(a0)
40000278:	8c97001c 	lw	s7,28(a0)
4000027c:	8c9e0020 	lw	s8,32(a0)
40000280:	8c9c0024 	lw	gp,36(a0)
40000284:	8c9d0028 	lw	sp,40(a0)
40000288:	8c9f002c 	lw	ra,44(a0)
4000028c:	34a20000 	ori	v0,a1,0x0
40000290:	03e00008 	jr	ra
40000294:	00000000 	nop

40000298 <_restoreexec>:
40000298:	8c900000 	lw	s0,0(a0)
4000029c:	8c910004 	lw	s1,4(a0)
400002a0:	8c920008 	lw	s2,8(a0)
400002a4:	8c93000c 	lw	s3,12(a0)
400002a8:	8c940010 	lw	s4,16(a0)
400002ac:	8c950014 	lw	s5,20(a0)
400002b0:	8c960018 	lw	s6,24(a0)
400002b4:	8c97001c 	lw	s7,28(a0)
400002b8:	8c9e0020 	lw	s8,32(a0)
400002bc:	8c9c0024 	lw	gp,36(a0)
400002c0:	8c9d0028 	lw	sp,40(a0)
400002c4:	8c9f002c 	lw	ra,44(a0)
400002c8:	341b0001 	li	k1,0x1
400002cc:	3c1af000 	lui	k0,0xf000
400002d0:	375a0030 	ori	k0,k0,0x30
400002d4:	34a20000 	ori	v0,a1,0x0
400002d8:	af5b0000 	sw	k1,0(k0)
400002dc:	03e00008 	jr	ra
400002e0:	00000000 	nop

400002e4 <task>:
400002e4:	27bdffe8 	addiu	sp,sp,-24
400002e8:	afb00010 	sw	s0,16(sp)
400002ec:	3c104000 	lui	s0,0x4000
400002f0:	afbf0014 	sw	ra,20(sp)
400002f4:	26102a24 	addiu	s0,s0,10788
400002f8:	0c0009b7 	jal	400026dc <hf_selfid>
400002fc:	00000000 	nop
40000300:	00402821 	move	a1,v0
40000304:	0c000507 	jal	4000141c <printf>
40000308:	02002021 	move	a0,s0
4000030c:	0c00011d 	jal	40000474 <delay_ms>
40000310:	240401f4 	li	a0,500
40000314:	080000be 	j	400002f8 <task+0x14>
40000318:	00000000 	nop

4000031c <app_main>:
4000031c:	27bdffd8 	addiu	sp,sp,-40
40000320:	afb10020 	sw	s1,32(sp)
40000324:	3c024000 	lui	v0,0x4000
40000328:	3c114000 	lui	s1,0x4000
4000032c:	afb0001c 	sw	s0,28(sp)
40000330:	262402e4 	addiu	a0,s1,740
40000334:	24100400 	li	s0,1024
40000338:	2405000a 	li	a1,10
4000033c:	24060001 	li	a2,1
40000340:	2407000a 	li	a3,10
40000344:	24422a30 	addiu	v0,v0,10800
40000348:	afbf0024 	sw	ra,36(sp)
4000034c:	afb00014 	sw	s0,20(sp)
40000350:	0c0009c5 	jal	40002714 <hf_spawn>
40000354:	afa20010 	sw	v0,16(sp)
40000358:	3c024000 	lui	v0,0x4000
4000035c:	262402e4 	addiu	a0,s1,740
40000360:	24050014 	li	a1,20
40000364:	24060001 	li	a2,1
40000368:	24070014 	li	a3,20
4000036c:	24422a38 	addiu	v0,v0,10808
40000370:	afb00014 	sw	s0,20(sp)
40000374:	0c0009c5 	jal	40002714 <hf_spawn>
40000378:	afa20010 	sw	v0,16(sp)
4000037c:	3c024000 	lui	v0,0x4000
40000380:	262402e4 	addiu	a0,s1,740
40000384:	2405000f 	li	a1,15
40000388:	24060001 	li	a2,1
4000038c:	2407000f 	li	a3,15
40000390:	24422a40 	addiu	v0,v0,10816
40000394:	afb00014 	sw	s0,20(sp)
40000398:	0c0009c5 	jal	40002714 <hf_spawn>
4000039c:	afa20010 	sw	v0,16(sp)
400003a0:	3c024000 	lui	v0,0x4000
400003a4:	262402e4 	addiu	a0,s1,740
400003a8:	24050005 	li	a1,5
400003ac:	24060001 	li	a2,1
400003b0:	24070005 	li	a3,5
400003b4:	24422a48 	addiu	v0,v0,10824
400003b8:	afb00014 	sw	s0,20(sp)
400003bc:	0c0009c5 	jal	40002714 <hf_spawn>
400003c0:	afa20010 	sw	v0,16(sp)
400003c4:	3c024000 	lui	v0,0x4000
400003c8:	262402e4 	addiu	a0,s1,740
400003cc:	2405000f 	li	a1,15
400003d0:	24060001 	li	a2,1
400003d4:	2407000f 	li	a3,15
400003d8:	24422a50 	addiu	v0,v0,10832
400003dc:	afb00014 	sw	s0,20(sp)
400003e0:	0c0009c5 	jal	40002714 <hf_spawn>
400003e4:	afa20010 	sw	v0,16(sp)
400003e8:	3c024000 	lui	v0,0x4000
400003ec:	262402e4 	addiu	a0,s1,740
400003f0:	2405000a 	li	a1,10
400003f4:	24060001 	li	a2,1
400003f8:	2407000a 	li	a3,10
400003fc:	24422a58 	addiu	v0,v0,10840
40000400:	afb00014 	sw	s0,20(sp)
40000404:	0c0009c5 	jal	40002714 <hf_spawn>
40000408:	afa20010 	sw	v0,16(sp)
4000040c:	3c024000 	lui	v0,0x4000
40000410:	262402e4 	addiu	a0,s1,740
40000414:	24422a60 	addiu	v0,v0,10848
40000418:	24050005 	li	a1,5
4000041c:	24060001 	li	a2,1
40000420:	24070005 	li	a3,5
40000424:	afb00014 	sw	s0,20(sp)
40000428:	0c0009c5 	jal	40002714 <hf_spawn>
4000042c:	afa20010 	sw	v0,16(sp)
40000430:	8fbf0024 	lw	ra,36(sp)
40000434:	8fb10020 	lw	s1,32(sp)
40000438:	8fb0001c 	lw	s0,28(sp)
4000043c:	03e00008 	jr	ra
40000440:	27bd0028 	addiu	sp,sp,40

40000444 <putchar>:
40000444:	3c03f000 	lui	v1,0xf000
40000448:	8c620010 	lw	v0,16(v1)
4000044c:	30420080 	andi	v0,v0,0x80
40000450:	1040fffd 	beqz	v0,40000448 <putchar+0x4>
40000454:	3c02f000 	lui	v0,0xf000
40000458:	ac4400e0 	sw	a0,224(v0)
4000045c:	03e00008 	jr	ra
40000460:	00000000 	nop

40000464 <dputchar>:
40000464:	3c02f000 	lui	v0,0xf000
40000468:	ac4400d0 	sw	a0,208(v0)
4000046c:	03e00008 	jr	ra
40000470:	00000000 	nop

40000474 <delay_ms>:
40000474:	3c02f000 	lui	v0,0xf000
40000478:	8c420050 	lw	v0,80(v0)
4000047c:	27bdffc8 	addiu	sp,sp,-56
40000480:	afb2002c 	sw	s2,44(sp)
40000484:	3c12017d 	lui	s2,0x17d
40000488:	afa20018 	sw	v0,24(sp)
4000048c:	afb10028 	sw	s1,40(sp)
40000490:	afb00024 	sw	s0,36(sp)
40000494:	afa00010 	sw	zero,16(sp)
40000498:	afbf0034 	sw	ra,52(sp)
4000049c:	afb30030 	sw	s3,48(sp)
400004a0:	00808021 	move	s0,a0
400004a4:	3c11f000 	lui	s1,0xf000
400004a8:	26527840 	addiu	s2,s2,30784
400004ac:	afa00014 	sw	zero,20(sp)
400004b0:	0800013b 	j	400004ec <delay_ms+0x78>
400004b4:	00000000 	nop
400004b8:	8fa4001c 	lw	a0,28(sp)
400004bc:	8fa30018 	lw	v1,24(sp)
400004c0:	8fa20014 	lw	v0,20(sp)
400004c4:	00821021 	addu	v0,a0,v0
400004c8:	00521021 	addu	v0,v0,s2
400004cc:	00431023 	subu	v0,v0,v1
400004d0:	afa20014 	sw	v0,20(sp)
400004d4:	8fa2001c 	lw	v0,28(sp)
400004d8:	afa20018 	sw	v0,24(sp)
400004dc:	8fa20014 	lw	v0,20(sp)
400004e0:	2c4261a8 	sltiu	v0,v0,25000
400004e4:	10400018 	beqz	v0,40000548 <delay_ms+0xd4>
400004e8:	00000000 	nop
400004ec:	8fa20010 	lw	v0,16(sp)
400004f0:	0050102b 	sltu	v0,v0,s0
400004f4:	10400022 	beqz	v0,40000580 <delay_ms+0x10c>
400004f8:	8fbf0034 	lw	ra,52(sp)
400004fc:	8e220050 	lw	v0,80(s1)
40000500:	afa2001c 	sw	v0,28(sp)
40000504:	8fa3001c 	lw	v1,28(sp)
40000508:	8fa20018 	lw	v0,24(sp)
4000050c:	0062102b 	sltu	v0,v1,v0
40000510:	1440ffe9 	bnez	v0,400004b8 <delay_ms+0x44>
40000514:	00000000 	nop
40000518:	8fa2001c 	lw	v0,28(sp)
4000051c:	8fa30018 	lw	v1,24(sp)
40000520:	8fa40014 	lw	a0,20(sp)
40000524:	00821021 	addu	v0,a0,v0
40000528:	00431023 	subu	v0,v0,v1
4000052c:	afa20014 	sw	v0,20(sp)
40000530:	8fa2001c 	lw	v0,28(sp)
40000534:	afa20018 	sw	v0,24(sp)
40000538:	8fa20014 	lw	v0,20(sp)
4000053c:	2c4261a8 	sltiu	v0,v0,25000
40000540:	1440ffea 	bnez	v0,400004ec <delay_ms+0x78>
40000544:	00000000 	nop
40000548:	8fa40014 	lw	a0,20(sp)
4000054c:	8fb30010 	lw	s3,16(sp)
40000550:	0c000561 	jal	40001584 <__udivsi3>
40000554:	240561a8 	li	a1,25000
40000558:	00531021 	addu	v0,v0,s3
4000055c:	afa20010 	sw	v0,16(sp)
40000560:	8fa40014 	lw	a0,20(sp)
40000564:	0c000563 	jal	4000158c <__umodsi3>
40000568:	240561a8 	li	a1,25000
4000056c:	afa20014 	sw	v0,20(sp)
40000570:	8fa20010 	lw	v0,16(sp)
40000574:	0050102b 	sltu	v0,v0,s0
40000578:	1440ffe0 	bnez	v0,400004fc <delay_ms+0x88>
4000057c:	8fbf0034 	lw	ra,52(sp)
40000580:	8fb30030 	lw	s3,48(sp)
40000584:	8fb2002c 	lw	s2,44(sp)
40000588:	8fb10028 	lw	s1,40(sp)
4000058c:	8fb00024 	lw	s0,36(sp)
40000590:	03e00008 	jr	ra
40000594:	27bd0038 	addiu	sp,sp,56

40000598 <_hardware_init>:
40000598:	03e00008 	jr	ra
4000059c:	00000000 	nop

400005a0 <_vm_init>:
400005a0:	3c044000 	lui	a0,0x4000
400005a4:	27bdffe8 	addiu	sp,sp,-24
400005a8:	afbf0014 	sw	ra,20(sp)
400005ac:	0c000278 	jal	400009e0 <kprintf>
400005b0:	24842a68 	addiu	a0,a0,10856
400005b4:	3c044000 	lui	a0,0x4000
400005b8:	3c050007 	lui	a1,0x7
400005bc:	8fbf0014 	lw	ra,20(sp)
400005c0:	2484440c 	addiu	a0,a0,17420
400005c4:	34a5a120 	ori	a1,a1,0xa120
400005c8:	080006e6 	j	40001b98 <heapinit>
400005cc:	27bd0018 	addiu	sp,sp,24

400005d0 <_sched_init>:
400005d0:	3c044000 	lui	a0,0x4000
400005d4:	08000278 	j	400009e0 <kprintf>
400005d8:	24842a7c 	addiu	a0,a0,10876

400005dc <_timer_init>:
400005dc:	27bdffe8 	addiu	sp,sp,-24
400005e0:	3c044000 	lui	a0,0x4000
400005e4:	afb00010 	sw	s0,16(sp)
400005e8:	24842a90 	addiu	a0,a0,10896
400005ec:	afbf0014 	sw	ra,20(sp)
400005f0:	0c000278 	jal	400009e0 <kprintf>
400005f4:	3c104000 	lui	s0,0x4000
400005f8:	26052438 	addiu	a1,s0,9272
400005fc:	0c0001e1 	jal	40000784 <_irq_register>
40000600:	24040004 	li	a0,4
40000604:	26052438 	addiu	a1,s0,9272
40000608:	0c0001e1 	jal	40000784 <_irq_register>
4000060c:	24040008 	li	a0,8
40000610:	8fbf0014 	lw	ra,20(sp)
40000614:	24030004 	li	v1,4
40000618:	3c02f000 	lui	v0,0xf000
4000061c:	8fb00010 	lw	s0,16(sp)
40000620:	ac430020 	sw	v1,32(v0)
40000624:	03e00008 	jr	ra
40000628:	27bd0018 	addiu	sp,sp,24

4000062c <_irq_init>:
4000062c:	3c044000 	lui	a0,0x4000
40000630:	08000278 	j	400009e0 <kprintf>
40000634:	24842aa4 	addiu	a0,a0,10916

40000638 <_device_init>:
40000638:	3c044000 	lui	a0,0x4000
4000063c:	08000278 	j	400009e0 <kprintf>
40000640:	24842ab8 	addiu	a0,a0,10936

40000644 <_task_init>:
40000644:	3c044000 	lui	a0,0x4000
40000648:	08000278 	j	400009e0 <kprintf>
4000064c:	24842ad0 	addiu	a0,a0,10960

40000650 <_set_task_sp>:
40000650:	3084ffff 	andi	a0,a0,0xffff
40000654:	00041880 	sll	v1,a0,0x2
40000658:	00041140 	sll	v0,a0,0x5
4000065c:	00621021 	addu	v0,v1,v0
40000660:	00442021 	addu	a0,v0,a0
40000664:	3c024000 	lui	v0,0x4000
40000668:	00042080 	sll	a0,a0,0x2
4000066c:	244232b4 	addiu	v0,v0,12980
40000670:	00442021 	addu	a0,v0,a0
40000674:	03e00008 	jr	ra
40000678:	ac85005c 	sw	a1,92(a0)

4000067c <_get_task_sp>:
4000067c:	3084ffff 	andi	a0,a0,0xffff
40000680:	00041880 	sll	v1,a0,0x2
40000684:	00041140 	sll	v0,a0,0x5
40000688:	00621021 	addu	v0,v1,v0
4000068c:	00442021 	addu	a0,v0,a0
40000690:	3c024000 	lui	v0,0x4000
40000694:	244232b4 	addiu	v0,v0,12980
40000698:	00042080 	sll	a0,a0,0x2
4000069c:	00442021 	addu	a0,v0,a0
400006a0:	03e00008 	jr	ra
400006a4:	8c82005c 	lw	v0,92(a0)

400006a8 <_set_task_tp>:
400006a8:	3084ffff 	andi	a0,a0,0xffff
400006ac:	00041880 	sll	v1,a0,0x2
400006b0:	00041140 	sll	v0,a0,0x5
400006b4:	00621021 	addu	v0,v1,v0
400006b8:	00442021 	addu	a0,v0,a0
400006bc:	3c024000 	lui	v0,0x4000
400006c0:	00042080 	sll	a0,a0,0x2
400006c4:	244232b4 	addiu	v0,v0,12980
400006c8:	00442021 	addu	a0,v0,a0
400006cc:	03e00008 	jr	ra
400006d0:	ac850060 	sw	a1,96(a0)

400006d4 <_cpu_idle>:
400006d4:	03e00008 	jr	ra
400006d8:	00000000 	nop

400006dc <_read_us>:
400006dc:	3c094000 	lui	t1,0x4000
400006e0:	8d223200 	lw	v0,12800(t1)
400006e4:	27bdffe8 	addiu	sp,sp,-24
400006e8:	afbf0014 	sw	ra,20(sp)
400006ec:	14400014 	bnez	v0,40000740 <_read_us+0x64>
400006f0:	3c03f000 	lui	v1,0xf000
400006f4:	8c620050 	lw	v0,80(v1)
400006f8:	3c024000 	lui	v0,0x4000
400006fc:	8c423204 	lw	v0,12804(v0)
40000700:	8c630050 	lw	v1,80(v1)
40000704:	3c03f000 	lui	v1,0xf000
40000708:	8c6a0050 	lw	t2,80(v1)
4000070c:	8c680050 	lw	t0,80(v1)
40000710:	00402021 	move	a0,v0
40000714:	3c034000 	lui	v1,0x4000
40000718:	01002821 	move	a1,t0
4000071c:	24070019 	li	a3,25
40000720:	00003021 	move	a2,zero
40000724:	ad2a3200 	sw	t2,12800(t1)
40000728:	ac623208 	sw	v0,12808(v1)
4000072c:	0c0005b2 	jal	400016c8 <__udivdi3>
40000730:	ac68320c 	sw	t0,12812(v1)
40000734:	8fbf0014 	lw	ra,20(sp)
40000738:	03e00008 	jr	ra
4000073c:	27bd0018 	addiu	sp,sp,24
40000740:	8c630050 	lw	v1,80(v1)
40000744:	0062102b 	sltu	v0,v1,v0
40000748:	10400005 	beqz	v0,40000760 <_read_us+0x84>
4000074c:	3c034000 	lui	v1,0x4000
40000750:	8c623204 	lw	v0,12804(v1)
40000754:	24420001 	addiu	v0,v0,1
40000758:	080001c1 	j	40000704 <_read_us+0x28>
4000075c:	ac623204 	sw	v0,12804(v1)
40000760:	3c024000 	lui	v0,0x4000
40000764:	080001c1 	j	40000704 <_read_us+0x28>
40000768:	8c423204 	lw	v0,12804(v0)

4000076c <_timer_reset>:
4000076c:	3c02f000 	lui	v0,0xf000
40000770:	8c430020 	lw	v1,32(v0)
40000774:	3863000c 	xori	v1,v1,0xc
40000778:	ac430020 	sw	v1,32(v0)
4000077c:	080001b7 	j	400006dc <_read_us>
40000780:	00000000 	nop

40000784 <_irq_register>:
40000784:	3c034000 	lui	v1,0x4000
40000788:	24633210 	addiu	v1,v1,12816
4000078c:	00001021 	move	v0,zero
40000790:	24080001 	li	t0,1
40000794:	24070020 	li	a3,32
40000798:	00483004 	sllv	a2,t0,v0
4000079c:	00c43024 	and	a2,a2,a0
400007a0:	10c00002 	beqz	a2,400007ac <_irq_register+0x28>
400007a4:	24420001 	addiu	v0,v0,1
400007a8:	ac650000 	sw	a1,0(v1)
400007ac:	1447fffa 	bne	v0,a3,40000798 <_irq_register+0x14>
400007b0:	24630004 	addiu	v1,v1,4
400007b4:	03e00008 	jr	ra
400007b8:	00000000 	nop

400007bc <_irq_handler>:
400007bc:	27bdffe0 	addiu	sp,sp,-32
400007c0:	afbf001c 	sw	ra,28(sp)
400007c4:	afb20018 	sw	s2,24(sp)
400007c8:	afb10014 	sw	s1,20(sp)
400007cc:	afb00010 	sw	s0,16(sp)
400007d0:	00a08821 	move	s1,a1
400007d4:	0c0001b7 	jal	400006dc <_read_us>
400007d8:	00808021 	move	s0,a0
400007dc:	3c044000 	lui	a0,0x4000
400007e0:	00603021 	move	a2,v1
400007e4:	24842ae4 	addiu	a0,a0,10980
400007e8:	0c0002f5 	jal	40000bd4 <dprintf>
400007ec:	02002821 	move	a1,s0
400007f0:	3c024008 	lui	v0,0x4008
400007f4:	2442e52c 	addiu	v0,v0,-6868
400007f8:	8c430008 	lw	v1,8(v0)
400007fc:	3c124000 	lui	s2,0x4000
40000800:	26523210 	addiu	s2,s2,12816
40000804:	24630001 	addiu	v1,v1,1
40000808:	ac430008 	sw	v1,8(v0)
4000080c:	32020001 	andi	v0,s0,0x1
40000810:	10400006 	beqz	v0,4000082c <_irq_handler+0x70>
40000814:	00108042 	srl	s0,s0,0x1
40000818:	8e420000 	lw	v0,0(s2)
4000081c:	10400003 	beqz	v0,4000082c <_irq_handler+0x70>
40000820:	02202021 	move	a0,s1
40000824:	0040f809 	jalr	v0
40000828:	00000000 	nop
4000082c:	1600fff7 	bnez	s0,4000080c <_irq_handler+0x50>
40000830:	26520004 	addiu	s2,s2,4
40000834:	8fbf001c 	lw	ra,28(sp)
40000838:	8fb20018 	lw	s2,24(sp)
4000083c:	8fb10014 	lw	s1,20(sp)
40000840:	8fb00010 	lw	s0,16(sp)
40000844:	03e00008 	jr	ra
40000848:	27bd0020 	addiu	sp,sp,32

4000084c <kitoa.part.0>:
4000084c:	27bdffd0 	addiu	sp,sp,-48
40000850:	24020010 	li	v0,16
40000854:	afb2001c 	sw	s2,28(sp)
40000858:	afb00014 	sw	s0,20(sp)
4000085c:	afbf002c 	sw	ra,44(sp)
40000860:	afb50028 	sw	s5,40(sp)
40000864:	afb40024 	sw	s4,36(sp)
40000868:	afb30020 	sw	s3,32(sp)
4000086c:	afb10018 	sw	s1,24(sp)
40000870:	00a09021 	move	s2,a1
40000874:	10a20036 	beq	a1,v0,40000950 <kitoa.part.0+0x104>
40000878:	00808021 	move	s0,a0
4000087c:	04800047 	bltz	a0,4000099c <kitoa.part.0+0x150>
40000880:	00000000 	nop
40000884:	10800024 	beqz	a0,40000918 <kitoa.part.0+0xcc>
40000888:	0000a821 	move	s5,zero
4000088c:	3c134000 	lui	s3,0x4000
40000890:	3c144000 	lui	s4,0x4000
40000894:	2411001e 	li	s1,30
40000898:	26733290 	addiu	s3,s3,12944
4000089c:	0800022b 	j	400008ac <kitoa.part.0+0x60>
400008a0:	26942af0 	addiu	s4,s4,10992
400008a4:	1220000e 	beqz	s1,400008e0 <kitoa.part.0+0x94>
400008a8:	00000000 	nop
400008ac:	02002021 	move	a0,s0
400008b0:	0c00054d 	jal	40001534 <__modsi3>
400008b4:	02402821 	move	a1,s2
400008b8:	02821021 	addu	v0,s4,v0
400008bc:	90430000 	lbu	v1,0(v0)
400008c0:	02711021 	addu	v0,s3,s1
400008c4:	02002021 	move	a0,s0
400008c8:	02402821 	move	a1,s2
400008cc:	0c000538 	jal	400014e0 <__divsi3>
400008d0:	a0430000 	sb	v1,0(v0)
400008d4:	00408021 	move	s0,v0
400008d8:	1440fff2 	bnez	v0,400008a4 <kitoa.part.0+0x58>
400008dc:	2631ffff 	addiu	s1,s1,-1
400008e0:	12a00010 	beqz	s5,40000924 <kitoa.part.0+0xd8>
400008e4:	02711021 	addu	v0,s3,s1
400008e8:	2403002d 	li	v1,45
400008ec:	a0430000 	sb	v1,0(v0)
400008f0:	8fbf002c 	lw	ra,44(sp)
400008f4:	02711021 	addu	v0,s3,s1
400008f8:	8fb50028 	lw	s5,40(sp)
400008fc:	8fb40024 	lw	s4,36(sp)
40000900:	8fb30020 	lw	s3,32(sp)
40000904:	8fb2001c 	lw	s2,28(sp)
40000908:	8fb10018 	lw	s1,24(sp)
4000090c:	8fb00014 	lw	s0,20(sp)
40000910:	03e00008 	jr	ra
40000914:	27bd0030 	addiu	sp,sp,48
40000918:	3c134000 	lui	s3,0x4000
4000091c:	2411001e 	li	s1,30
40000920:	26733290 	addiu	s3,s3,12944
40000924:	8fbf002c 	lw	ra,44(sp)
40000928:	26310001 	addiu	s1,s1,1
4000092c:	02711021 	addu	v0,s3,s1
40000930:	8fb50028 	lw	s5,40(sp)
40000934:	8fb40024 	lw	s4,36(sp)
40000938:	8fb30020 	lw	s3,32(sp)
4000093c:	8fb2001c 	lw	s2,28(sp)
40000940:	8fb10018 	lw	s1,24(sp)
40000944:	8fb00014 	lw	s0,20(sp)
40000948:	03e00008 	jr	ra
4000094c:	27bd0030 	addiu	sp,sp,48
40000950:	1080001f 	beqz	a0,400009d0 <kitoa.part.0+0x184>
40000954:	3c144000 	lui	s4,0x4000
40000958:	3c134000 	lui	s3,0x4000
4000095c:	2411001e 	li	s1,30
40000960:	26733290 	addiu	s3,s3,12944
40000964:	0800025d 	j	40000974 <kitoa.part.0+0x128>
40000968:	26942af0 	addiu	s4,s4,10992
4000096c:	1220000e 	beqz	s1,400009a8 <kitoa.part.0+0x15c>
40000970:	8fbf002c 	lw	ra,44(sp)
40000974:	3202000f 	andi	v0,s0,0xf
40000978:	02821021 	addu	v0,s4,v0
4000097c:	90430000 	lbu	v1,0(v0)
40000980:	00108102 	srl	s0,s0,0x4
40000984:	02711021 	addu	v0,s3,s1
40000988:	a0430000 	sb	v1,0(v0)
4000098c:	1600fff7 	bnez	s0,4000096c <kitoa.part.0+0x120>
40000990:	2631ffff 	addiu	s1,s1,-1
40000994:	0800024a 	j	40000928 <kitoa.part.0+0xdc>
40000998:	8fbf002c 	lw	ra,44(sp)
4000099c:	00048023 	negu	s0,a0
400009a0:	08000223 	j	4000088c <kitoa.part.0+0x40>
400009a4:	24150001 	li	s5,1
400009a8:	24110001 	li	s1,1
400009ac:	02711021 	addu	v0,s3,s1
400009b0:	8fb50028 	lw	s5,40(sp)
400009b4:	8fb40024 	lw	s4,36(sp)
400009b8:	8fb30020 	lw	s3,32(sp)
400009bc:	8fb2001c 	lw	s2,28(sp)
400009c0:	8fb10018 	lw	s1,24(sp)
400009c4:	8fb00014 	lw	s0,20(sp)
400009c8:	03e00008 	jr	ra
400009cc:	27bd0030 	addiu	sp,sp,48
400009d0:	3c134000 	lui	s3,0x4000
400009d4:	2411001f 	li	s1,31
400009d8:	0800023c 	j	400008f0 <kitoa.part.0+0xa4>
400009dc:	26733290 	addiu	s3,s3,12944

400009e0 <kprintf>:
400009e0:	27bdffc0 	addiu	sp,sp,-64
400009e4:	27a20044 	addiu	v0,sp,68
400009e8:	afbe0038 	sw	s8,56(sp)
400009ec:	afb60030 	sw	s6,48(sp)
400009f0:	afb40028 	sw	s4,40(sp)
400009f4:	afb30024 	sw	s3,36(sp)
400009f8:	afb20020 	sw	s2,32(sp)
400009fc:	afb1001c 	sw	s1,28(sp)
40000a00:	afb00018 	sw	s0,24(sp)
40000a04:	afbf003c 	sw	ra,60(sp)
40000a08:	afb70034 	sw	s7,52(sp)
40000a0c:	afb5002c 	sw	s5,44(sp)
40000a10:	afa50044 	sw	a1,68(sp)
40000a14:	afa60048 	sw	a2,72(sp)
40000a18:	afa7004c 	sw	a3,76(sp)
40000a1c:	00808021 	move	s0,a0
40000a20:	afa20010 	sw	v0,16(sp)
40000a24:	0040f021 	move	s8,v0
40000a28:	24110025 	li	s1,37
40000a2c:	24120064 	li	s2,100
40000a30:	3c144000 	lui	s4,0x4000
40000a34:	24130073 	li	s3,115
40000a38:	3c164000 	lui	s6,0x4000
40000a3c:	82040000 	lb	a0,0(s0)
40000a40:	10800008 	beqz	a0,40000a64 <kprintf+0x84>
40000a44:	8fbf003c 	lw	ra,60(sp)
40000a48:	10910012 	beq	a0,s1,40000a94 <kprintf+0xb4>
40000a4c:	00000000 	nop
40000a50:	0c000111 	jal	40000444 <putchar>
40000a54:	26100001 	addiu	s0,s0,1
40000a58:	82040000 	lb	a0,0(s0)
40000a5c:	1480fffa 	bnez	a0,40000a48 <kprintf+0x68>
40000a60:	8fbf003c 	lw	ra,60(sp)
40000a64:	00001021 	move	v0,zero
40000a68:	8fbe0038 	lw	s8,56(sp)
40000a6c:	8fb70034 	lw	s7,52(sp)
40000a70:	8fb60030 	lw	s6,48(sp)
40000a74:	8fb5002c 	lw	s5,44(sp)
40000a78:	8fb40028 	lw	s4,40(sp)
40000a7c:	8fb30024 	lw	s3,36(sp)
40000a80:	8fb20020 	lw	s2,32(sp)
40000a84:	8fb1001c 	lw	s1,28(sp)
40000a88:	8fb00018 	lw	s0,24(sp)
40000a8c:	03e00008 	jr	ra
40000a90:	27bd0040 	addiu	sp,sp,64
40000a94:	82020001 	lb	v0,1(s0)
40000a98:	1052002c 	beq	v0,s2,40000b4c <kprintf+0x16c>
40000a9c:	28430065 	slti	v1,v0,101
40000aa0:	10600009 	beqz	v1,40000ac8 <kprintf+0xe8>
40000aa4:	00000000 	nop
40000aa8:	1051003c 	beq	v0,s1,40000b9c <kprintf+0x1bc>
40000aac:	24030063 	li	v1,99
40000ab0:	10430034 	beq	v0,v1,40000b84 <kprintf+0x1a4>
40000ab4:	00000000 	nop
40000ab8:	0c000111 	jal	40000444 <putchar>
40000abc:	2404003f 	li	a0,63
40000ac0:	0800028f 	j	40000a3c <kprintf+0x5c>
40000ac4:	26100002 	addiu	s0,s0,2
40000ac8:	10530011 	beq	v0,s3,40000b10 <kprintf+0x130>
40000acc:	24030078 	li	v1,120
40000ad0:	1443fff9 	bne	v0,v1,40000ab8 <kprintf+0xd8>
40000ad4:	27d50004 	addiu	s5,s8,4
40000ad8:	8fc40000 	lw	a0,0(s8)
40000adc:	14800033 	bnez	a0,40000bac <kprintf+0x1cc>
40000ae0:	26972bc4 	addiu	s7,s4,11204
40000ae4:	82e40000 	lb	a0,0(s7)
40000ae8:	1080fff5 	beqz	a0,40000ac0 <kprintf+0xe0>
40000aec:	02a0f021 	move	s8,s5
40000af0:	0c000111 	jal	40000444 <putchar>
40000af4:	26f70001 	addiu	s7,s7,1
40000af8:	82e40000 	lb	a0,0(s7)
40000afc:	1480fffc 	bnez	a0,40000af0 <kprintf+0x110>
40000b00:	00000000 	nop
40000b04:	02a0f021 	move	s8,s5
40000b08:	0800028f 	j	40000a3c <kprintf+0x5c>
40000b0c:	26100002 	addiu	s0,s0,2
40000b10:	8fd50000 	lw	s5,0(s8)
40000b14:	12a0002d 	beqz	s5,40000bcc <kprintf+0x1ec>
40000b18:	27d70004 	addiu	s7,s8,4
40000b1c:	82a40000 	lb	a0,0(s5)
40000b20:	1080ffe7 	beqz	a0,40000ac0 <kprintf+0xe0>
40000b24:	02e0f021 	move	s8,s7
40000b28:	26b50001 	addiu	s5,s5,1
40000b2c:	0c000111 	jal	40000444 <putchar>
40000b30:	26b50001 	addiu	s5,s5,1
40000b34:	82a4ffff 	lb	a0,-1(s5)
40000b38:	1480fffc 	bnez	a0,40000b2c <kprintf+0x14c>
40000b3c:	00000000 	nop
40000b40:	02e0f021 	move	s8,s7
40000b44:	0800028f 	j	40000a3c <kprintf+0x5c>
40000b48:	26100002 	addiu	s0,s0,2
40000b4c:	8fc40000 	lw	a0,0(s8)
40000b50:	27d50004 	addiu	s5,s8,4
40000b54:	14800019 	bnez	a0,40000bbc <kprintf+0x1dc>
40000b58:	26972bc4 	addiu	s7,s4,11204
40000b5c:	82e40000 	lb	a0,0(s7)
40000b60:	1080ffd7 	beqz	a0,40000ac0 <kprintf+0xe0>
40000b64:	02a0f021 	move	s8,s5
40000b68:	0c000111 	jal	40000444 <putchar>
40000b6c:	26f70001 	addiu	s7,s7,1
40000b70:	82e40000 	lb	a0,0(s7)
40000b74:	1480fffc 	bnez	a0,40000b68 <kprintf+0x188>
40000b78:	00000000 	nop
40000b7c:	080002c2 	j	40000b08 <kprintf+0x128>
40000b80:	02a0f021 	move	s8,s5
40000b84:	83c40003 	lb	a0,3(s8)
40000b88:	26100002 	addiu	s0,s0,2
40000b8c:	0c000111 	jal	40000444 <putchar>
40000b90:	27de0004 	addiu	s8,s8,4
40000b94:	08000290 	j	40000a40 <kprintf+0x60>
40000b98:	82040000 	lb	a0,0(s0)
40000b9c:	0c000111 	jal	40000444 <putchar>
40000ba0:	24040025 	li	a0,37
40000ba4:	0800028f 	j	40000a3c <kprintf+0x5c>
40000ba8:	26100002 	addiu	s0,s0,2
40000bac:	0c000213 	jal	4000084c <kitoa.part.0>
40000bb0:	24050010 	li	a1,16
40000bb4:	080002b9 	j	40000ae4 <kprintf+0x104>
40000bb8:	0040b821 	move	s7,v0
40000bbc:	0c000213 	jal	4000084c <kitoa.part.0>
40000bc0:	2405000a 	li	a1,10
40000bc4:	080002d7 	j	40000b5c <kprintf+0x17c>
40000bc8:	0040b821 	move	s7,v0
40000bcc:	080002c7 	j	40000b1c <kprintf+0x13c>
40000bd0:	26d52b04 	addiu	s5,s6,11012

40000bd4 <dprintf>:
40000bd4:	27bdffc0 	addiu	sp,sp,-64
40000bd8:	afb00018 	sw	s0,24(sp)
40000bdc:	00808021 	move	s0,a0
40000be0:	00002021 	move	a0,zero
40000be4:	afbe0038 	sw	s8,56(sp)
40000be8:	afb60030 	sw	s6,48(sp)
40000bec:	afb40028 	sw	s4,40(sp)
40000bf0:	afb30024 	sw	s3,36(sp)
40000bf4:	afb20020 	sw	s2,32(sp)
40000bf8:	afb1001c 	sw	s1,28(sp)
40000bfc:	afbf003c 	sw	ra,60(sp)
40000c00:	afb70034 	sw	s7,52(sp)
40000c04:	afb5002c 	sw	s5,44(sp)
40000c08:	afa50044 	sw	a1,68(sp)
40000c0c:	afa60048 	sw	a2,72(sp)
40000c10:	afa7004c 	sw	a3,76(sp)
40000c14:	0c000082 	jal	40000208 <_interrupt_set>
40000c18:	27be0044 	addiu	s8,sp,68
40000c1c:	afa20010 	sw	v0,16(sp)
40000c20:	afbe0014 	sw	s8,20(sp)
40000c24:	24110025 	li	s1,37
40000c28:	24120064 	li	s2,100
40000c2c:	3c144000 	lui	s4,0x4000
40000c30:	24130073 	li	s3,115
40000c34:	3c164000 	lui	s6,0x4000
40000c38:	82040000 	lb	a0,0(s0)
40000c3c:	10800008 	beqz	a0,40000c60 <dprintf+0x8c>
40000c40:	00000000 	nop
40000c44:	10910016 	beq	a0,s1,40000ca0 <dprintf+0xcc>
40000c48:	00000000 	nop
40000c4c:	0c000119 	jal	40000464 <dputchar>
40000c50:	26100001 	addiu	s0,s0,1
40000c54:	82040000 	lb	a0,0(s0)
40000c58:	1480fffa 	bnez	a0,40000c44 <dprintf+0x70>
40000c5c:	00000000 	nop
40000c60:	8fa40010 	lw	a0,16(sp)
40000c64:	0c000082 	jal	40000208 <_interrupt_set>
40000c68:	00000000 	nop
40000c6c:	8fbf003c 	lw	ra,60(sp)
40000c70:	00001021 	move	v0,zero
40000c74:	8fbe0038 	lw	s8,56(sp)
40000c78:	8fb70034 	lw	s7,52(sp)
40000c7c:	8fb60030 	lw	s6,48(sp)
40000c80:	8fb5002c 	lw	s5,44(sp)
40000c84:	8fb40028 	lw	s4,40(sp)
40000c88:	8fb30024 	lw	s3,36(sp)
40000c8c:	8fb20020 	lw	s2,32(sp)
40000c90:	8fb1001c 	lw	s1,28(sp)
40000c94:	8fb00018 	lw	s0,24(sp)
40000c98:	03e00008 	jr	ra
40000c9c:	27bd0040 	addiu	sp,sp,64
40000ca0:	82020001 	lb	v0,1(s0)
40000ca4:	1052002c 	beq	v0,s2,40000d58 <dprintf+0x184>
40000ca8:	28430065 	slti	v1,v0,101
40000cac:	10600009 	beqz	v1,40000cd4 <dprintf+0x100>
40000cb0:	00000000 	nop
40000cb4:	1051003c 	beq	v0,s1,40000da8 <dprintf+0x1d4>
40000cb8:	24030063 	li	v1,99
40000cbc:	10430034 	beq	v0,v1,40000d90 <dprintf+0x1bc>
40000cc0:	00000000 	nop
40000cc4:	0c000119 	jal	40000464 <dputchar>
40000cc8:	2404003f 	li	a0,63
40000ccc:	0800030e 	j	40000c38 <dprintf+0x64>
40000cd0:	26100002 	addiu	s0,s0,2
40000cd4:	10530011 	beq	v0,s3,40000d1c <dprintf+0x148>
40000cd8:	24030078 	li	v1,120
40000cdc:	1443fff9 	bne	v0,v1,40000cc4 <dprintf+0xf0>
40000ce0:	27d50004 	addiu	s5,s8,4
40000ce4:	8fc40000 	lw	a0,0(s8)
40000ce8:	14800033 	bnez	a0,40000db8 <dprintf+0x1e4>
40000cec:	26972bc4 	addiu	s7,s4,11204
40000cf0:	82e40000 	lb	a0,0(s7)
40000cf4:	1080fff5 	beqz	a0,40000ccc <dprintf+0xf8>
40000cf8:	02a0f021 	move	s8,s5
40000cfc:	0c000119 	jal	40000464 <dputchar>
40000d00:	26f70001 	addiu	s7,s7,1
40000d04:	82e40000 	lb	a0,0(s7)
40000d08:	1480fffc 	bnez	a0,40000cfc <dprintf+0x128>
40000d0c:	00000000 	nop
40000d10:	02a0f021 	move	s8,s5
40000d14:	0800030e 	j	40000c38 <dprintf+0x64>
40000d18:	26100002 	addiu	s0,s0,2
40000d1c:	8fd50000 	lw	s5,0(s8)
40000d20:	12a0002d 	beqz	s5,40000dd8 <dprintf+0x204>
40000d24:	27d70004 	addiu	s7,s8,4
40000d28:	82a40000 	lb	a0,0(s5)
40000d2c:	1080ffe7 	beqz	a0,40000ccc <dprintf+0xf8>
40000d30:	02e0f021 	move	s8,s7
40000d34:	26b50001 	addiu	s5,s5,1
40000d38:	0c000119 	jal	40000464 <dputchar>
40000d3c:	26b50001 	addiu	s5,s5,1
40000d40:	82a4ffff 	lb	a0,-1(s5)
40000d44:	1480fffc 	bnez	a0,40000d38 <dprintf+0x164>
40000d48:	00000000 	nop
40000d4c:	02e0f021 	move	s8,s7
40000d50:	0800030e 	j	40000c38 <dprintf+0x64>
40000d54:	26100002 	addiu	s0,s0,2
40000d58:	8fc40000 	lw	a0,0(s8)
40000d5c:	27d50004 	addiu	s5,s8,4
40000d60:	14800019 	bnez	a0,40000dc8 <dprintf+0x1f4>
40000d64:	26972bc4 	addiu	s7,s4,11204
40000d68:	82e40000 	lb	a0,0(s7)
40000d6c:	1080ffd7 	beqz	a0,40000ccc <dprintf+0xf8>
40000d70:	02a0f021 	move	s8,s5
40000d74:	0c000119 	jal	40000464 <dputchar>
40000d78:	26f70001 	addiu	s7,s7,1
40000d7c:	82e40000 	lb	a0,0(s7)
40000d80:	1480fffc 	bnez	a0,40000d74 <dprintf+0x1a0>
40000d84:	00000000 	nop
40000d88:	08000345 	j	40000d14 <dprintf+0x140>
40000d8c:	02a0f021 	move	s8,s5
40000d90:	83c40003 	lb	a0,3(s8)
40000d94:	26100002 	addiu	s0,s0,2
40000d98:	0c000111 	jal	40000444 <putchar>
40000d9c:	27de0004 	addiu	s8,s8,4
40000da0:	0800030f 	j	40000c3c <dprintf+0x68>
40000da4:	82040000 	lb	a0,0(s0)
40000da8:	0c000119 	jal	40000464 <dputchar>
40000dac:	24040025 	li	a0,37
40000db0:	0800030e 	j	40000c38 <dprintf+0x64>
40000db4:	26100002 	addiu	s0,s0,2
40000db8:	0c000213 	jal	4000084c <kitoa.part.0>
40000dbc:	24050010 	li	a1,16
40000dc0:	0800033c 	j	40000cf0 <dprintf+0x11c>
40000dc4:	0040b821 	move	s7,v0
40000dc8:	0c000213 	jal	4000084c <kitoa.part.0>
40000dcc:	2405000a 	li	a1,10
40000dd0:	0800035a 	j	40000d68 <dprintf+0x194>
40000dd4:	0040b821 	move	s7,v0
40000dd8:	0800034a 	j	40000d28 <dprintf+0x154>
40000ddc:	26d52b04 	addiu	s5,s6,11012

40000de0 <printchar>:
40000de0:	10800007 	beqz	a0,40000e00 <printchar+0x20>
40000de4:	00000000 	nop
40000de8:	8c820000 	lw	v0,0(a0)
40000dec:	a0450000 	sb	a1,0(v0)
40000df0:	8c820000 	lw	v0,0(a0)
40000df4:	24420001 	addiu	v0,v0,1
40000df8:	03e00008 	jr	ra
40000dfc:	ac820000 	sw	v0,0(a0)
40000e00:	08000111 	j	40000444 <putchar>
40000e04:	00a02021 	move	a0,a1

40000e08 <prints>:
40000e08:	27bdffd8 	addiu	sp,sp,-40
40000e0c:	afb40020 	sw	s4,32(sp)
40000e10:	afb20018 	sw	s2,24(sp)
40000e14:	afb10014 	sw	s1,20(sp)
40000e18:	afb00010 	sw	s0,16(sp)
40000e1c:	afbf0024 	sw	ra,36(sp)
40000e20:	afb3001c 	sw	s3,28(sp)
40000e24:	00c09021 	move	s2,a2
40000e28:	00808021 	move	s0,a0
40000e2c:	00a08821 	move	s1,a1
40000e30:	18c00012 	blez	a2,40000e7c <prints+0x74>
40000e34:	24140020 	li	s4,32
40000e38:	80a20000 	lb	v0,0(a1)
40000e3c:	10400039 	beqz	v0,40000f24 <prints+0x11c>
40000e40:	00001021 	move	v0,zero
40000e44:	24420001 	addiu	v0,v0,1
40000e48:	02221821 	addu	v1,s1,v0
40000e4c:	80630000 	lb	v1,0(v1)
40000e50:	1460fffd 	bnez	v1,40000e48 <prints+0x40>
40000e54:	24420001 	addiu	v0,v0,1
40000e58:	2442ffff 	addiu	v0,v0,-1
40000e5c:	0052182a 	slt	v1,v0,s2
40000e60:	14600002 	bnez	v1,40000e6c <prints+0x64>
40000e64:	02429023 	subu	s2,s2,v0
40000e68:	00009021 	move	s2,zero
40000e6c:	30e20002 	andi	v0,a3,0x2
40000e70:	10400002 	beqz	v0,40000e7c <prints+0x74>
40000e74:	24140020 	li	s4,32
40000e78:	24140030 	li	s4,48
40000e7c:	30e70001 	andi	a3,a3,0x1
40000e80:	14e0000c 	bnez	a3,40000eb4 <prints+0xac>
40000e84:	00009821 	move	s3,zero
40000e88:	1a40000a 	blez	s2,40000eb4 <prints+0xac>
40000e8c:	00e09821 	move	s3,a3
40000e90:	02409821 	move	s3,s2
40000e94:	2673ffff 	addiu	s3,s3,-1
40000e98:	02002021 	move	a0,s0
40000e9c:	0c000378 	jal	40000de0 <printchar>
40000ea0:	02802821 	move	a1,s4
40000ea4:	1660fffc 	bnez	s3,40000e98 <prints+0x90>
40000ea8:	2673ffff 	addiu	s3,s3,-1
40000eac:	02409821 	move	s3,s2
40000eb0:	00009021 	move	s2,zero
40000eb4:	82250000 	lb	a1,0(s1)
40000eb8:	10a00008 	beqz	a1,40000edc <prints+0xd4>
40000ebc:	02338823 	subu	s1,s1,s3
40000ec0:	02002021 	move	a0,s0
40000ec4:	0c000378 	jal	40000de0 <printchar>
40000ec8:	26730001 	addiu	s3,s3,1
40000ecc:	02331021 	addu	v0,s1,s3
40000ed0:	80450000 	lb	a1,0(v0)
40000ed4:	14a0fffb 	bnez	a1,40000ec4 <prints+0xbc>
40000ed8:	02002021 	move	a0,s0
40000edc:	1a400008 	blez	s2,40000f00 <prints+0xf8>
40000ee0:	02408821 	move	s1,s2
40000ee4:	2631ffff 	addiu	s1,s1,-1
40000ee8:	02002021 	move	a0,s0
40000eec:	0c000378 	jal	40000de0 <printchar>
40000ef0:	02802821 	move	a1,s4
40000ef4:	1620fffc 	bnez	s1,40000ee8 <prints+0xe0>
40000ef8:	2631ffff 	addiu	s1,s1,-1
40000efc:	02729821 	addu	s3,s3,s2
40000f00:	8fbf0024 	lw	ra,36(sp)
40000f04:	02601021 	move	v0,s3
40000f08:	8fb40020 	lw	s4,32(sp)
40000f0c:	8fb3001c 	lw	s3,28(sp)
40000f10:	8fb20018 	lw	s2,24(sp)
40000f14:	8fb10014 	lw	s1,20(sp)
40000f18:	8fb00010 	lw	s0,16(sp)
40000f1c:	03e00008 	jr	ra
40000f20:	27bd0028 	addiu	sp,sp,40
40000f24:	0800039b 	j	40000e6c <prints+0x64>
40000f28:	02429023 	subu	s2,s2,v0

40000f2c <printi>:
40000f2c:	27bdffa8 	addiu	sp,sp,-88
40000f30:	afb6004c 	sw	s6,76(sp)
40000f34:	afb30040 	sw	s3,64(sp)
40000f38:	afb2003c 	sw	s2,60(sp)
40000f3c:	afb10038 	sw	s1,56(sp)
40000f40:	afb00034 	sw	s0,52(sp)
40000f44:	afbf0054 	sw	ra,84(sp)
40000f48:	afb70050 	sw	s7,80(sp)
40000f4c:	afb50048 	sw	s5,72(sp)
40000f50:	afb40044 	sw	s4,68(sp)
40000f54:	00a08021 	move	s0,a1
40000f58:	00808821 	move	s1,a0
40000f5c:	00c09021 	move	s2,a2
40000f60:	8fb60068 	lw	s6,104(sp)
40000f64:	10a00040 	beqz	a1,40001068 <printi+0x13c>
40000f68:	8fb3006c 	lw	s3,108(sp)
40000f6c:	14e00032 	bnez	a3,40001038 <printi+0x10c>
40000f70:	0000b821 	move	s7,zero
40000f74:	a3a0002d 	sb	zero,45(sp)
40000f78:	12000011 	beqz	s0,40000fc0 <printi+0x94>
40000f7c:	27b4002d 	addiu	s4,sp,45
40000f80:	8fb50070 	lw	s5,112(sp)
40000f84:	26b5ffc6 	addiu	s5,s5,-58
40000f88:	02002021 	move	a0,s0
40000f8c:	0c000563 	jal	4000158c <__umodsi3>
40000f90:	02402821 	move	a1,s2
40000f94:	2843000a 	slti	v1,v0,10
40000f98:	2694ffff 	addiu	s4,s4,-1
40000f9c:	02002021 	move	a0,s0
40000fa0:	14600002 	bnez	v1,40000fac <printi+0x80>
40000fa4:	02402821 	move	a1,s2
40000fa8:	00551021 	addu	v0,v0,s5
40000fac:	24420030 	addiu	v0,v0,48
40000fb0:	0c000561 	jal	40001584 <__udivsi3>
40000fb4:	a2820000 	sb	v0,0(s4)
40000fb8:	1440fff3 	bnez	v0,40000f88 <printi+0x5c>
40000fbc:	00408021 	move	s0,v0
40000fc0:	16e00012 	bnez	s7,4000100c <printi+0xe0>
40000fc4:	00008021 	move	s0,zero
40000fc8:	02202021 	move	a0,s1
40000fcc:	02802821 	move	a1,s4
40000fd0:	02c03021 	move	a2,s6
40000fd4:	0c000382 	jal	40000e08 <prints>
40000fd8:	02603821 	move	a3,s3
40000fdc:	8fbf0054 	lw	ra,84(sp)
40000fe0:	00501021 	addu	v0,v0,s0
40000fe4:	8fb70050 	lw	s7,80(sp)
40000fe8:	8fb6004c 	lw	s6,76(sp)
40000fec:	8fb50048 	lw	s5,72(sp)
40000ff0:	8fb40044 	lw	s4,68(sp)
40000ff4:	8fb30040 	lw	s3,64(sp)
40000ff8:	8fb2003c 	lw	s2,60(sp)
40000ffc:	8fb10038 	lw	s1,56(sp)
40001000:	8fb00034 	lw	s0,52(sp)
40001004:	03e00008 	jr	ra
40001008:	27bd0058 	addiu	sp,sp,88
4000100c:	12c00012 	beqz	s6,40001058 <printi+0x12c>
40001010:	2402002d 	li	v0,45
40001014:	32620002 	andi	v0,s3,0x2
40001018:	1040000f 	beqz	v0,40001058 <printi+0x12c>
4000101c:	2402002d 	li	v0,45
40001020:	02202021 	move	a0,s1
40001024:	0c000378 	jal	40000de0 <printchar>
40001028:	2405002d 	li	a1,45
4000102c:	26d6ffff 	addiu	s6,s6,-1
40001030:	080003f2 	j	40000fc8 <printi+0x9c>
40001034:	24100001 	li	s0,1
40001038:	2402000a 	li	v0,10
4000103c:	14c2ffcd 	bne	a2,v0,40000f74 <printi+0x48>
40001040:	00000000 	nop
40001044:	04a1ffcb 	bgez	a1,40000f74 <printi+0x48>
40001048:	00000000 	nop
4000104c:	00058023 	negu	s0,a1
40001050:	080003dd 	j	40000f74 <printi+0x48>
40001054:	24170001 	li	s7,1
40001058:	a282ffff 	sb	v0,-1(s4)
4000105c:	00008021 	move	s0,zero
40001060:	080003f2 	j	40000fc8 <printi+0x9c>
40001064:	2694ffff 	addiu	s4,s4,-1
40001068:	27a50010 	addiu	a1,sp,16
4000106c:	02c03021 	move	a2,s6
40001070:	02603821 	move	a3,s3
40001074:	24020030 	li	v0,48
40001078:	a3a20010 	sb	v0,16(sp)
4000107c:	0c000382 	jal	40000e08 <prints>
40001080:	a3a00011 	sb	zero,17(sp)
40001084:	8fbf0054 	lw	ra,84(sp)
40001088:	8fb70050 	lw	s7,80(sp)
4000108c:	8fb6004c 	lw	s6,76(sp)
40001090:	8fb50048 	lw	s5,72(sp)
40001094:	8fb40044 	lw	s4,68(sp)
40001098:	8fb30040 	lw	s3,64(sp)
4000109c:	8fb2003c 	lw	s2,60(sp)
400010a0:	8fb10038 	lw	s1,56(sp)
400010a4:	8fb00034 	lw	s0,52(sp)
400010a8:	03e00008 	jr	ra
400010ac:	27bd0058 	addiu	sp,sp,88

400010b0 <print>:
400010b0:	27bdffb8 	addiu	sp,sp,-72
400010b4:	afb40038 	sw	s4,56(sp)
400010b8:	afb20030 	sw	s2,48(sp)
400010bc:	afbf0044 	sw	ra,68(sp)
400010c0:	afb60040 	sw	s6,64(sp)
400010c4:	afb5003c 	sw	s5,60(sp)
400010c8:	afb30034 	sw	s3,52(sp)
400010cc:	afb1002c 	sw	s1,44(sp)
400010d0:	afb00028 	sw	s0,40(sp)
400010d4:	80a30000 	lb	v1,0(a1)
400010d8:	00a01021 	move	v0,a1
400010dc:	0080a021 	move	s4,a0
400010e0:	afa60050 	sw	a2,80(sp)
400010e4:	10600044 	beqz	v1,400011f8 <print+0x148>
400010e8:	00009021 	move	s2,zero
400010ec:	24130025 	li	s3,37
400010f0:	2415002d 	li	s5,45
400010f4:	24110030 	li	s1,48
400010f8:	3c164000 	lui	s6,0x4000
400010fc:	14730051 	bne	v1,s3,40001244 <print+0x194>
40001100:	00408021 	move	s0,v0
40001104:	80450001 	lb	a1,1(v0)
40001108:	10a0003b 	beqz	a1,400011f8 <print+0x148>
4000110c:	00000000 	nop
40001110:	10b3004d 	beq	a1,s3,40001248 <print+0x198>
40001114:	24500001 	addiu	s0,v0,1
40001118:	10b50046 	beq	a1,s5,40001234 <print+0x184>
4000111c:	00001821 	move	v1,zero
40001120:	14b10006 	bne	a1,s1,4000113c <print+0x8c>
40001124:	24a4ffd0 	addiu	a0,a1,-48
40001128:	26100001 	addiu	s0,s0,1
4000112c:	82050000 	lb	a1,0(s0)
40001130:	10b1fffd 	beq	a1,s1,40001128 <print+0x78>
40001134:	34630002 	ori	v1,v1,0x2
40001138:	24a4ffd0 	addiu	a0,a1,-48
4000113c:	308600ff 	andi	a2,a0,0xff
40001140:	2cc6000a 	sltiu	a2,a2,10
40001144:	10c0000d 	beqz	a2,4000117c <print+0xcc>
40001148:	00001021 	move	v0,zero
4000114c:	26100001 	addiu	s0,s0,1
40001150:	82050000 	lb	a1,0(s0)
40001154:	00023040 	sll	a2,v0,0x1
40001158:	000210c0 	sll	v0,v0,0x3
4000115c:	00c21021 	addu	v0,a2,v0
40001160:	00821021 	addu	v0,a0,v0
40001164:	24a4ffd0 	addiu	a0,a1,-48
40001168:	308600ff 	andi	a2,a0,0xff
4000116c:	2cc6000a 	sltiu	a2,a2,10
40001170:	14c0fff7 	bnez	a2,40001150 <print+0xa0>
40001174:	26100001 	addiu	s0,s0,1
40001178:	2610ffff 	addiu	s0,s0,-1
4000117c:	24040073 	li	a0,115
40001180:	10a40039 	beq	a1,a0,40001268 <print+0x1b8>
40001184:	24040064 	li	a0,100
40001188:	10a40042 	beq	a1,a0,40001294 <print+0x1e4>
4000118c:	8fa80050 	lw	t0,80(sp)
40001190:	24040078 	li	a0,120
40001194:	10a4004c 	beq	a1,a0,400012c8 <print+0x218>
40001198:	02802021 	move	a0,s4
4000119c:	24040058 	li	a0,88
400011a0:	10a4004e 	beq	a1,a0,400012dc <print+0x22c>
400011a4:	02802021 	move	a0,s4
400011a8:	24040075 	li	a0,117
400011ac:	10a40057 	beq	a1,a0,4000130c <print+0x25c>
400011b0:	02802021 	move	a0,s4
400011b4:	24040063 	li	a0,99
400011b8:	14a40026 	bne	a1,a0,40001254 <print+0x1a4>
400011bc:	8fa90050 	lw	t1,80(sp)
400011c0:	00603821 	move	a3,v1
400011c4:	02802021 	move	a0,s4
400011c8:	8d280000 	lw	t0,0(t1)
400011cc:	27a50020 	addiu	a1,sp,32
400011d0:	25290004 	addiu	t1,t1,4
400011d4:	00403021 	move	a2,v0
400011d8:	afa90050 	sw	t1,80(sp)
400011dc:	a3a80020 	sb	t0,32(sp)
400011e0:	0c000382 	jal	40000e08 <prints>
400011e4:	a3a00021 	sb	zero,33(sp)
400011e8:	82030001 	lb	v1,1(s0)
400011ec:	02429021 	addu	s2,s2,v0
400011f0:	1460ffc2 	bnez	v1,400010fc <print+0x4c>
400011f4:	26020001 	addiu	v0,s0,1
400011f8:	12800004 	beqz	s4,4000120c <print+0x15c>
400011fc:	8fbf0044 	lw	ra,68(sp)
40001200:	8e820000 	lw	v0,0(s4)
40001204:	a0400000 	sb	zero,0(v0)
40001208:	8fbf0044 	lw	ra,68(sp)
4000120c:	02401021 	move	v0,s2
40001210:	8fb60040 	lw	s6,64(sp)
40001214:	8fb5003c 	lw	s5,60(sp)
40001218:	8fb40038 	lw	s4,56(sp)
4000121c:	8fb30034 	lw	s3,52(sp)
40001220:	8fb20030 	lw	s2,48(sp)
40001224:	8fb1002c 	lw	s1,44(sp)
40001228:	8fb00028 	lw	s0,40(sp)
4000122c:	03e00008 	jr	ra
40001230:	27bd0048 	addiu	sp,sp,72
40001234:	80450002 	lb	a1,2(v0)
40001238:	24500002 	addiu	s0,v0,2
4000123c:	08000448 	j	40001120 <print+0x70>
40001240:	24030001 	li	v1,1
40001244:	80450000 	lb	a1,0(v0)
40001248:	0c000378 	jal	40000de0 <printchar>
4000124c:	02802021 	move	a0,s4
40001250:	26520001 	addiu	s2,s2,1
40001254:	82030001 	lb	v1,1(s0)
40001258:	1460ffa8 	bnez	v1,400010fc <print+0x4c>
4000125c:	26020001 	addiu	v0,s0,1
40001260:	0800047e 	j	400011f8 <print+0x148>
40001264:	00000000 	nop
40001268:	8fa40050 	lw	a0,80(sp)
4000126c:	8c850000 	lw	a1,0(a0)
40001270:	24840004 	addiu	a0,a0,4
40001274:	10a0002a 	beqz	a1,40001320 <print+0x270>
40001278:	afa40050 	sw	a0,80(sp)
4000127c:	02802021 	move	a0,s4
40001280:	00403021 	move	a2,v0
40001284:	0c000382 	jal	40000e08 <prints>
40001288:	00603821 	move	a3,v1
4000128c:	08000495 	j	40001254 <print+0x1a4>
40001290:	02429021 	addu	s2,s2,v0
40001294:	02802021 	move	a0,s4
40001298:	2406000a 	li	a2,10
4000129c:	8d050000 	lw	a1,0(t0)
400012a0:	24070001 	li	a3,1
400012a4:	25080004 	addiu	t0,t0,4
400012a8:	afa20010 	sw	v0,16(sp)
400012ac:	24020061 	li	v0,97
400012b0:	afa80050 	sw	t0,80(sp)
400012b4:	afa30014 	sw	v1,20(sp)
400012b8:	0c0003cb 	jal	40000f2c <printi>
400012bc:	afa20018 	sw	v0,24(sp)
400012c0:	08000495 	j	40001254 <print+0x1a4>
400012c4:	02429021 	addu	s2,s2,v0
400012c8:	24060010 	li	a2,16
400012cc:	8d050000 	lw	a1,0(t0)
400012d0:	00003821 	move	a3,zero
400012d4:	080004aa 	j	400012a8 <print+0x1f8>
400012d8:	25080004 	addiu	t0,t0,4
400012dc:	24060010 	li	a2,16
400012e0:	8d050000 	lw	a1,0(t0)
400012e4:	00003821 	move	a3,zero
400012e8:	25080004 	addiu	t0,t0,4
400012ec:	afa20010 	sw	v0,16(sp)
400012f0:	24020041 	li	v0,65
400012f4:	afa80050 	sw	t0,80(sp)
400012f8:	afa30014 	sw	v1,20(sp)
400012fc:	0c0003cb 	jal	40000f2c <printi>
40001300:	afa20018 	sw	v0,24(sp)
40001304:	08000495 	j	40001254 <print+0x1a4>
40001308:	02429021 	addu	s2,s2,v0
4000130c:	2406000a 	li	a2,10
40001310:	8d050000 	lw	a1,0(t0)
40001314:	00003821 	move	a3,zero
40001318:	080004aa 	j	400012a8 <print+0x1f8>
4000131c:	25080004 	addiu	t0,t0,4
40001320:	0800049f 	j	4000127c <print+0x1cc>
40001324:	26c52b04 	addiu	a1,s6,11012

40001328 <strncpy>:
40001328:	18c0000e 	blez	a2,40001364 <strncpy+0x3c>
4000132c:	00801021 	move	v0,a0
40001330:	80a40000 	lb	a0,0(a1)
40001334:	24430001 	addiu	v1,v0,1
40001338:	10800017 	beqz	a0,40001398 <strncpy+0x70>
4000133c:	a0440000 	sb	a0,0(v0)
40001340:	080004d6 	j	40001358 <strncpy+0x30>
40001344:	00002021 	move	a0,zero
40001348:	80e70000 	lb	a3,0(a3)
4000134c:	a0670000 	sb	a3,0(v1)
40001350:	10e00006 	beqz	a3,4000136c <strncpy+0x44>
40001354:	24630001 	addiu	v1,v1,1
40001358:	24840001 	addiu	a0,a0,1
4000135c:	1486fffa 	bne	a0,a2,40001348 <strncpy+0x20>
40001360:	00a43821 	addu	a3,a1,a0
40001364:	03e00008 	jr	ra
40001368:	00000000 	nop
4000136c:	24840001 	addiu	a0,a0,1
40001370:	0086282a 	slt	a1,a0,a2
40001374:	10a0fffb 	beqz	a1,40001364 <strncpy+0x3c>
40001378:	00663021 	addu	a2,v1,a2
4000137c:	00c42023 	subu	a0,a2,a0
40001380:	a0600000 	sb	zero,0(v1)
40001384:	24630001 	addiu	v1,v1,1
40001388:	1464fffd 	bne	v1,a0,40001380 <strncpy+0x58>
4000138c:	00000000 	nop
40001390:	03e00008 	jr	ra
40001394:	00000000 	nop
40001398:	080004dc 	j	40001370 <strncpy+0x48>
4000139c:	24040001 	li	a0,1

400013a0 <memset>:
400013a0:	10c00007 	beqz	a2,400013c0 <memset+0x20>
400013a4:	00801021 	move	v0,a0
400013a8:	30a500ff 	andi	a1,a1,0xff
400013ac:	00801821 	move	v1,a0
400013b0:	24c6ffff 	addiu	a2,a2,-1
400013b4:	a0650000 	sb	a1,0(v1)
400013b8:	14c0fffd 	bnez	a2,400013b0 <memset+0x10>
400013bc:	24630001 	addiu	v1,v1,1
400013c0:	03e00008 	jr	ra
400013c4:	00000000 	nop

400013c8 <random>:
400013c8:	3c034000 	lui	v1,0x4000
400013cc:	8c6231f4 	lw	v0,12788(v1)
400013d0:	00022ac0 	sll	a1,v0,0xb
400013d4:	000220c0 	sll	a0,v0,0x3
400013d8:	00a42023 	subu	a0,a1,a0
400013dc:	00822021 	addu	a0,a0,v0
400013e0:	000421c0 	sll	a0,a0,0x7
400013e4:	00822021 	addu	a0,a0,v0
400013e8:	000420c0 	sll	a0,a0,0x3
400013ec:	00822023 	subu	a0,a0,v0
400013f0:	00042940 	sll	a1,a0,0x5
400013f4:	00852021 	addu	a0,a0,a1
400013f8:	00042080 	sll	a0,a0,0x2
400013fc:	00822023 	subu	a0,a0,v0
40001400:	00042080 	sll	a0,a0,0x2
40001404:	00821021 	addu	v0,a0,v0
40001408:	24443039 	addiu	a0,v0,12345
4000140c:	00041402 	srl	v0,a0,0x10
40001410:	ac6431f4 	sw	a0,12788(v1)
40001414:	03e00008 	jr	ra
40001418:	30427fff 	andi	v0,v0,0x7fff

4000141c <printf>:
4000141c:	27bdffe0 	addiu	sp,sp,-32
40001420:	27a20024 	addiu	v0,sp,36
40001424:	00801821 	move	v1,a0
40001428:	afa50024 	sw	a1,36(sp)
4000142c:	afa60028 	sw	a2,40(sp)
40001430:	00002021 	move	a0,zero
40001434:	00602821 	move	a1,v1
40001438:	00403021 	move	a2,v0
4000143c:	afbf001c 	sw	ra,28(sp)
40001440:	afa7002c 	sw	a3,44(sp)
40001444:	0c00042c 	jal	400010b0 <print>
40001448:	afa20010 	sw	v0,16(sp)
4000144c:	8fbf001c 	lw	ra,28(sp)
40001450:	03e00008 	jr	ra
40001454:	27bd0020 	addiu	sp,sp,32

40001458 <__udivmodsi4>:
40001458:	00a4182b 	sltu	v1,a1,a0
4000145c:	1060001e 	beqz	v1,400014d8 <__udivmodsi4+0x80>
40001460:	00801021 	move	v0,a0
40001464:	04a0001c 	bltz	a1,400014d8 <__udivmodsi4+0x80>
40001468:	24040020 	li	a0,32
4000146c:	08000521 	j	40001484 <__udivmodsi4+0x2c>
40001470:	24030001 	li	v1,1
40001474:	10800013 	beqz	a0,400014c4 <__udivmodsi4+0x6c>
40001478:	00003821 	move	a3,zero
4000147c:	04a00009 	bltz	a1,400014a4 <__udivmodsi4+0x4c>
40001480:	00000000 	nop
40001484:	00052840 	sll	a1,a1,0x1
40001488:	00a2382b 	sltu	a3,a1,v0
4000148c:	2484ffff 	addiu	a0,a0,-1
40001490:	14e0fff8 	bnez	a3,40001474 <__udivmodsi4+0x1c>
40001494:	00031840 	sll	v1,v1,0x1
40001498:	1060000a 	beqz	v1,400014c4 <__udivmodsi4+0x6c>
4000149c:	00003821 	move	a3,zero
400014a0:	00003821 	move	a3,zero
400014a4:	0045202b 	sltu	a0,v0,a1
400014a8:	14800003 	bnez	a0,400014b8 <__udivmodsi4+0x60>
400014ac:	00000000 	nop
400014b0:	00451023 	subu	v0,v0,a1
400014b4:	00e33825 	or	a3,a3,v1
400014b8:	00031842 	srl	v1,v1,0x1
400014bc:	1460fff9 	bnez	v1,400014a4 <__udivmodsi4+0x4c>
400014c0:	00052842 	srl	a1,a1,0x1
400014c4:	14c00002 	bnez	a2,400014d0 <__udivmodsi4+0x78>
400014c8:	00000000 	nop
400014cc:	00e01021 	move	v0,a3
400014d0:	03e00008 	jr	ra
400014d4:	00000000 	nop
400014d8:	08000528 	j	400014a0 <__udivmodsi4+0x48>
400014dc:	24030001 	li	v1,1

400014e0 <__divsi3>:
400014e0:	27bdffe8 	addiu	sp,sp,-24
400014e4:	afb00010 	sw	s0,16(sp)
400014e8:	afbf0014 	sw	ra,20(sp)
400014ec:	0480000b 	bltz	a0,4000151c <__divsi3+0x3c>
400014f0:	00008021 	move	s0,zero
400014f4:	04a0000c 	bltz	a1,40001528 <__divsi3+0x48>
400014f8:	00000000 	nop
400014fc:	0c000516 	jal	40001458 <__udivmodsi4>
40001500:	00003021 	move	a2,zero
40001504:	12000002 	beqz	s0,40001510 <__divsi3+0x30>
40001508:	8fbf0014 	lw	ra,20(sp)
4000150c:	00021023 	negu	v0,v0
40001510:	8fb00010 	lw	s0,16(sp)
40001514:	03e00008 	jr	ra
40001518:	27bd0018 	addiu	sp,sp,24
4000151c:	00042023 	negu	a0,a0
40001520:	04a1fff6 	bgez	a1,400014fc <__divsi3+0x1c>
40001524:	24100001 	li	s0,1
40001528:	00052823 	negu	a1,a1
4000152c:	0800053f 	j	400014fc <__divsi3+0x1c>
40001530:	3a100001 	xori	s0,s0,0x1

40001534 <__modsi3>:
40001534:	27bdffe8 	addiu	sp,sp,-24
40001538:	04800008 	bltz	a0,4000155c <__modsi3+0x28>
4000153c:	afbf0014 	sw	ra,20(sp)
40001540:	000517c3 	sra	v0,a1,0x1f
40001544:	00452826 	xor	a1,v0,a1
40001548:	8fbf0014 	lw	ra,20(sp)
4000154c:	00a22823 	subu	a1,a1,v0
40001550:	24060001 	li	a2,1
40001554:	08000516 	j	40001458 <__udivmodsi4>
40001558:	27bd0018 	addiu	sp,sp,24
4000155c:	00051fc3 	sra	v1,a1,0x1f
40001560:	00652826 	xor	a1,v1,a1
40001564:	00042023 	negu	a0,a0
40001568:	00a32823 	subu	a1,a1,v1
4000156c:	0c000516 	jal	40001458 <__udivmodsi4>
40001570:	24060001 	li	a2,1
40001574:	8fbf0014 	lw	ra,20(sp)
40001578:	00021023 	negu	v0,v0
4000157c:	03e00008 	jr	ra
40001580:	27bd0018 	addiu	sp,sp,24

40001584 <__udivsi3>:
40001584:	08000516 	j	40001458 <__udivmodsi4>
40001588:	00003021 	move	a2,zero

4000158c <__umodsi3>:
4000158c:	08000516 	j	40001458 <__udivmodsi4>
40001590:	24060001 	li	a2,1

40001594 <__udivmoddi4>:
40001594:	27bdffe0 	addiu	sp,sp,-32
40001598:	00c71025 	or	v0,a2,a3
4000159c:	afbf001c 	sw	ra,28(sp)
400015a0:	afb10018 	sw	s1,24(sp)
400015a4:	afb00014 	sw	s0,20(sp)
400015a8:	10400039 	beqz	v0,40001690 <__udivmoddi4+0xfc>
400015ac:	8fb80030 	lw	t8,48(sp)
400015b0:	24030001 	li	v1,1
400015b4:	04c0000e 	bltz	a2,400015f0 <__udivmoddi4+0x5c>
400015b8:	00001021 	move	v0,zero
400015bc:	00075fc2 	srl	t3,a3,0x1f
400015c0:	00063040 	sll	a2,a2,0x1
400015c4:	000357c2 	srl	t2,v1,0x1f
400015c8:	00024840 	sll	t1,v0,0x1
400015cc:	00034040 	sll	t0,v1,0x1
400015d0:	01663025 	or	a2,t3,a2
400015d4:	01491025 	or	v0,t2,t1
400015d8:	00073840 	sll	a3,a3,0x1
400015dc:	04c1fff7 	bgez	a2,400015bc <__udivmoddi4+0x28>
400015e0:	01001821 	move	v1,t0
400015e4:	01024025 	or	t0,t0,v0
400015e8:	11000035 	beqz	t0,400016c0 <__udivmoddi4+0x12c>
400015ec:	00004821 	move	t1,zero
400015f0:	00004821 	move	t1,zero
400015f4:	00004021 	move	t0,zero
400015f8:	0086782b 	sltu	t7,a0,a2
400015fc:	00027042 	srl	t6,v0,0x1
40001600:	00026fc0 	sll	t5,v0,0x1f
40001604:	00035042 	srl	t2,v1,0x1
40001608:	000667c0 	sll	t4,a2,0x1f
4000160c:	15e0000f 	bnez	t7,4000164c <__udivmoddi4+0xb8>
40001610:	00075842 	srl	t3,a3,0x1
40001614:	00a77823 	subu	t7,a1,a3
40001618:	01231821 	addu	v1,t1,v1
4000161c:	01021021 	addu	v0,t0,v0
40001620:	0069882b 	sltu	s1,v1,t1
40001624:	00afc82b 	sltu	t9,a1,t7
40001628:	00868023 	subu	s0,a0,a2
4000162c:	14c40003 	bne	a2,a0,4000163c <__udivmoddi4+0xa8>
40001630:	00a7382b 	sltu	a3,a1,a3
40001634:	14e00005 	bnez	a3,4000164c <__udivmoddi4+0xb8>
40001638:	00000000 	nop
4000163c:	02224021 	addu	t0,s1,v0
40001640:	02192023 	subu	a0,s0,t9
40001644:	01e02821 	move	a1,t7
40001648:	00604821 	move	t1,v1
4000164c:	01aa1825 	or	v1,t5,t2
40001650:	01c35025 	or	t2,t6,v1
40001654:	01c01021 	move	v0,t6
40001658:	00063042 	srl	a2,a2,0x1
4000165c:	1540ffe6 	bnez	t2,400015f8 <__udivmoddi4+0x64>
40001660:	018b3825 	or	a3,t4,t3
40001664:	13000004 	beqz	t8,40001678 <__udivmoddi4+0xe4>
40001668:	8fbf001c 	lw	ra,28(sp)
4000166c:	af040000 	sw	a0,0(t8)
40001670:	af050004 	sw	a1,4(t8)
40001674:	8fbf001c 	lw	ra,28(sp)
40001678:	01001021 	move	v0,t0
4000167c:	01201821 	move	v1,t1
40001680:	8fb10018 	lw	s1,24(sp)
40001684:	8fb00014 	lw	s0,20(sp)
40001688:	03e00008 	jr	ra
4000168c:	27bd0020 	addiu	sp,sp,32
40001690:	24040001 	li	a0,1
40001694:	0c000561 	jal	40001584 <__udivsi3>
40001698:	00002821 	move	a1,zero
4000169c:	8fbf001c 	lw	ra,28(sp)
400016a0:	00404821 	move	t1,v0
400016a4:	00004021 	move	t0,zero
400016a8:	01001021 	move	v0,t0
400016ac:	01201821 	move	v1,t1
400016b0:	8fb10018 	lw	s1,24(sp)
400016b4:	8fb00014 	lw	s0,20(sp)
400016b8:	03e00008 	jr	ra
400016bc:	27bd0020 	addiu	sp,sp,32
400016c0:	08000599 	j	40001664 <__udivmoddi4+0xd0>
400016c4:	00004021 	move	t0,zero

400016c8 <__udivdi3>:
400016c8:	27bdffe0 	addiu	sp,sp,-32
400016cc:	afbf001c 	sw	ra,28(sp)
400016d0:	0c000565 	jal	40001594 <__udivmoddi4>
400016d4:	afa00010 	sw	zero,16(sp)
400016d8:	8fbf001c 	lw	ra,28(sp)
400016dc:	03e00008 	jr	ra
400016e0:	27bd0020 	addiu	sp,sp,32

400016e4 <idletask>:
400016e4:	27bdffe8 	addiu	sp,sp,-24
400016e8:	afbf0014 	sw	ra,20(sp)
400016ec:	0c0001b5 	jal	400006d4 <_cpu_idle>
400016f0:	00000000 	nop
400016f4:	0c0001b5 	jal	400006d4 <_cpu_idle>
400016f8:	00000000 	nop
400016fc:	080005bb 	j	400016ec <idletask+0x8>
40001700:	00000000 	nop

40001704 <main>:
40001704:	27bdffd0 	addiu	sp,sp,-48
40001708:	afbf002c 	sw	ra,44(sp)
4000170c:	afb40028 	sw	s4,40(sp)
40001710:	afb30024 	sw	s3,36(sp)
40001714:	afb20020 	sw	s2,32(sp)
40001718:	afb1001c 	sw	s1,28(sp)
4000171c:	0c000166 	jal	40000598 <_hardware_init>
40001720:	afb00018 	sw	s0,24(sp)
40001724:	0c000770 	jal	40001dc0 <hf_schedlock>
40001728:	24040001 	li	a0,1
4000172c:	0c000082 	jal	40000208 <_interrupt_set>
40001730:	00002021 	move	a0,zero
40001734:	3c044000 	lui	a0,0x4000
40001738:	0c000278 	jal	400009e0 <kprintf>
4000173c:	24842b54 	addiu	a0,a0,11092
40001740:	3c024000 	lui	v0,0x4000
40001744:	8c4431f8 	lw	a0,12792(v0)
40001748:	3c03baad 	lui	v1,0xbaad
4000174c:	3463d00d 	ori	v1,v1,0xd00d
40001750:	1083000c 	beq	a0,v1,40001784 <main+0x80>
40001754:	3c044000 	lui	a0,0x4000
40001758:	0c00070e 	jal	40001c38 <panic>
4000175c:	24040001 	li	a0,1
40001760:	8fbf002c 	lw	ra,44(sp)
40001764:	00001021 	move	v0,zero
40001768:	8fb40028 	lw	s4,40(sp)
4000176c:	8fb30024 	lw	s3,36(sp)
40001770:	8fb20020 	lw	s2,32(sp)
40001774:	8fb1001c 	lw	s1,28(sp)
40001778:	8fb00018 	lw	s0,24(sp)
4000177c:	03e00008 	jr	ra
40001780:	27bd0030 	addiu	sp,sp,48
40001784:	24842b68 	addiu	a0,a0,11112
40001788:	0c000278 	jal	400009e0 <kprintf>
4000178c:	ac4031f8 	sw	zero,12792(v0)
40001790:	3c064000 	lui	a2,0x4000
40001794:	3c074000 	lui	a3,0x4000
40001798:	3c054000 	lui	a1,0x4000
4000179c:	3c044000 	lui	a0,0x4000
400017a0:	24c62bc8 	addiu	a2,a2,11208
400017a4:	24e72bd4 	addiu	a3,a3,11220
400017a8:	24a52bc0 	addiu	a1,a1,11200
400017ac:	0c000278 	jal	400009e0 <kprintf>
400017b0:	24842ba8 	addiu	a0,a0,11176
400017b4:	3c044000 	lui	a0,0x4000
400017b8:	0c000278 	jal	400009e0 <kprintf>
400017bc:	24842be0 	addiu	a0,a0,11232
400017c0:	3c044000 	lui	a0,0x4000
400017c4:	0c000278 	jal	400009e0 <kprintf>
400017c8:	24842c18 	addiu	a0,a0,11288
400017cc:	3c044000 	lui	a0,0x4000
400017d0:	3c054000 	lui	a1,0x4000
400017d4:	24842c58 	addiu	a0,a0,11352
400017d8:	0c000278 	jal	400009e0 <kprintf>
400017dc:	24a52c6c 	addiu	a1,a1,11372
400017e0:	3c044000 	lui	a0,0x4000
400017e4:	24842c7c 	addiu	a0,a0,11388
400017e8:	0c000278 	jal	400009e0 <kprintf>
400017ec:	240561a8 	li	a1,25000
400017f0:	3c044000 	lui	a0,0x4000
400017f4:	3c050007 	lui	a1,0x7
400017f8:	24842c94 	addiu	a0,a0,11412
400017fc:	0c000278 	jal	400009e0 <kprintf>
40001800:	34a5a120 	ori	a1,a1,0xa120
40001804:	3c044000 	lui	a0,0x4000
40001808:	24842cb0 	addiu	a0,a0,11440
4000180c:	2405001e 	li	a1,30
40001810:	0c000278 	jal	400009e0 <kprintf>
40001814:	3c144000 	lui	s4,0x4000
40001818:	0c000168 	jal	400005a0 <_vm_init>
4000181c:	00008021 	move	s0,zero
40001820:	269432b4 	addiu	s4,s4,12980
40001824:	3c114008 	lui	s1,0x4008
40001828:	2413ffff 	li	s3,-1
4000182c:	2412001e 	li	s2,30
40001830:	00101880 	sll	v1,s0,0x2
40001834:	00101140 	sll	v0,s0,0x5
40001838:	00621021 	addu	v0,v1,v0
4000183c:	00501021 	addu	v0,v0,s0
40001840:	00021080 	sll	v0,v0,0x2
40001844:	02821021 	addu	v0,s4,v0
40001848:	24440002 	addiu	a0,v0,2
4000184c:	00002821 	move	a1,zero
40001850:	24060014 	li	a2,20
40001854:	a4530000 	sh	s3,0(v0)
40001858:	0c0004e8 	jal	400013a0 <memset>
4000185c:	ae22e53c 	sw	v0,-6852(s1)
40001860:	8e22e53c 	lw	v0,-6852(s1)
40001864:	26100001 	addiu	s0,s0,1
40001868:	a0400016 	sb	zero,22(v0)
4000186c:	ac400018 	sw	zero,24(v0)
40001870:	ac40001c 	sw	zero,28(v0)
40001874:	ac400020 	sw	zero,32(v0)
40001878:	ac400024 	sw	zero,36(v0)
4000187c:	a4400028 	sh	zero,40(v0)
40001880:	a440002a 	sh	zero,42(v0)
40001884:	a440002c 	sh	zero,44(v0)
40001888:	a440002e 	sh	zero,46(v0)
4000188c:	a4400030 	sh	zero,48(v0)
40001890:	ac400084 	sw	zero,132(v0)
40001894:	ac400088 	sw	zero,136(v0)
40001898:	ac40008c 	sw	zero,140(v0)
4000189c:	1612ffe4 	bne	s0,s2,40001830 <main+0x12c>
400018a0:	ac400090 	sw	zero,144(v0)
400018a4:	3c034008 	lui	v1,0x4008
400018a8:	3c054008 	lui	a1,0x4008
400018ac:	2462e52c 	addiu	v0,v1,-6868
400018b0:	a4a0e544 	sh	zero,-6844(a1)
400018b4:	3c054008 	lui	a1,0x4008
400018b8:	a4a0e538 	sh	zero,-6856(a1)
400018bc:	2404001e 	li	a0,30
400018c0:	3c054008 	lui	a1,0x4008
400018c4:	ac400004 	sw	zero,4(v0)
400018c8:	ac400008 	sw	zero,8(v0)
400018cc:	ac60e52c 	sw	zero,-6868(v1)
400018d0:	0c000780 	jal	40001e00 <hf_queue_create>
400018d4:	a4a0e554 	sh	zero,-6828(a1)
400018d8:	3c034008 	lui	v1,0x4008
400018dc:	10400032 	beqz	v0,400019a8 <main+0x2a4>
400018e0:	ac62e54c 	sw	v0,-6836(v1)
400018e4:	0c000780 	jal	40001e00 <hf_queue_create>
400018e8:	2404001e 	li	a0,30
400018ec:	3c034008 	lui	v1,0x4008
400018f0:	10400035 	beqz	v0,400019c8 <main+0x2c4>
400018f4:	ac62e558 	sw	v0,-6824(v1)
400018f8:	0c000780 	jal	40001e00 <hf_queue_create>
400018fc:	2404001e 	li	a0,30
40001900:	3c034008 	lui	v1,0x4008
40001904:	1040002c 	beqz	v0,400019b8 <main+0x2b4>
40001908:	ac62e550 	sw	v0,-6832(v1)
4000190c:	0c000174 	jal	400005d0 <_sched_init>
40001910:	00000000 	nop
40001914:	0c00018b 	jal	4000062c <_irq_init>
40001918:	00000000 	nop
4000191c:	0c000177 	jal	400005dc <_timer_init>
40001920:	00000000 	nop
40001924:	0c0001db 	jal	4000076c <_timer_reset>
40001928:	00000000 	nop
4000192c:	3c024000 	lui	v0,0x4000
40001930:	24423188 	addiu	v0,v0,12680
40001934:	3c044000 	lui	a0,0x4000
40001938:	00003021 	move	a2,zero
4000193c:	00003821 	move	a3,zero
40001940:	248416e4 	addiu	a0,a0,5860
40001944:	00002821 	move	a1,zero
40001948:	afa20010 	sw	v0,16(sp)
4000194c:	24020400 	li	v0,1024
40001950:	0c0009c5 	jal	40002714 <hf_spawn>
40001954:	afa20014 	sw	v0,20(sp)
40001958:	0c00018e 	jal	40000638 <_device_init>
4000195c:	00000000 	nop
40001960:	0c000191 	jal	40000644 <_task_init>
40001964:	00000000 	nop
40001968:	0c0000c7 	jal	4000031c <app_main>
4000196c:	00000000 	nop
40001970:	3c024008 	lui	v0,0x4008
40001974:	8c45e548 	lw	a1,-6840(v0)
40001978:	3c044000 	lui	a0,0x4000
4000197c:	0c000278 	jal	400009e0 <kprintf>
40001980:	24842cc4 	addiu	a0,a0,11460
40001984:	3c044000 	lui	a0,0x4000
40001988:	0c000278 	jal	400009e0 <kprintf>
4000198c:	24842ce4 	addiu	a0,a0,11492
40001990:	0c000082 	jal	40000208 <_interrupt_set>
40001994:	24040001 	li	a0,1
40001998:	0c000770 	jal	40001dc0 <hf_schedlock>
4000199c:	00002021 	move	a0,zero
400019a0:	08000668 	j	400019a0 <main+0x29c>
400019a4:	00000000 	nop
400019a8:	0c00070e 	jal	40001c38 <panic>
400019ac:	24040004 	li	a0,4
400019b0:	08000639 	j	400018e4 <main+0x1e0>
400019b4:	00000000 	nop
400019b8:	0c00070e 	jal	40001c38 <panic>
400019bc:	24040004 	li	a0,4
400019c0:	08000643 	j	4000190c <main+0x208>
400019c4:	00000000 	nop
400019c8:	0c00070e 	jal	40001c38 <panic>
400019cc:	24040004 	li	a0,4
400019d0:	0800063e 	j	400018f8 <main+0x1f4>
400019d4:	00000000 	nop

400019d8 <hf_free>:
400019d8:	27bdffe0 	addiu	sp,sp,-32
400019dc:	afb00014 	sw	s0,20(sp)
400019e0:	3c104000 	lui	s0,0x4000
400019e4:	afb10018 	sw	s1,24(sp)
400019e8:	00808821 	move	s1,a0
400019ec:	afbf001c 	sw	ra,28(sp)
400019f0:	0c0006f5 	jal	40001bd4 <hf_mtxlock>
400019f4:	260432b0 	addiu	a0,s0,12976
400019f8:	3c024008 	lui	v0,0x4008
400019fc:	8e25fffc 	lw	a1,-4(s1)
40001a00:	8c43e548 	lw	v1,-6840(v0)
40001a04:	2404fffe 	li	a0,-2
40001a08:	00a42024 	and	a0,a1,a0
40001a0c:	24630008 	addiu	v1,v1,8
40001a10:	ae24fffc 	sw	a0,-4(s1)
40001a14:	00641821 	addu	v1,v1,a0
40001a18:	8fbf001c 	lw	ra,28(sp)
40001a1c:	260432b0 	addiu	a0,s0,12976
40001a20:	8fb10018 	lw	s1,24(sp)
40001a24:	8fb00014 	lw	s0,20(sp)
40001a28:	27bd0020 	addiu	sp,sp,32
40001a2c:	0800070b 	j	40001c2c <hf_mtxunlock>
40001a30:	ac43e548 	sw	v1,-6840(v0)

40001a34 <hf_malloc>:
40001a34:	27bdffe0 	addiu	sp,sp,-32
40001a38:	afb20018 	sw	s2,24(sp)
40001a3c:	3c124000 	lui	s2,0x4000
40001a40:	afb10014 	sw	s1,20(sp)
40001a44:	afb00010 	sw	s0,16(sp)
40001a48:	2402fffc 	li	v0,-4
40001a4c:	24900003 	addiu	s0,a0,3
40001a50:	3c114000 	lui	s1,0x4000
40001a54:	264432b0 	addiu	a0,s2,12976
40001a58:	afbf001c 	sw	ra,28(sp)
40001a5c:	0c0006f5 	jal	40001bd4 <hf_mtxlock>
40001a60:	02028024 	and	s0,s0,v0
40001a64:	8e23440c 	lw	v1,17420(s1)
40001a68:	26060008 	addiu	a2,s0,8
40001a6c:	10600028 	beqz	v1,40001b10 <hf_malloc+0xdc>
40001a70:	2631440c 	addiu	s1,s1,17420
40001a74:	02202021 	move	a0,s1
40001a78:	8c820004 	lw	v0,4(a0)
40001a7c:	30420001 	andi	v0,v0,0x1
40001a80:	14400004 	bnez	v0,40001a94 <hf_malloc+0x60>
40001a84:	2408fff8 	li	t0,-8
40001a88:	080006a9 	j	40001aa4 <hf_malloc+0x70>
40001a8c:	00801821 	move	v1,a0
40001a90:	8c630000 	lw	v1,0(v1)
40001a94:	8c620004 	lw	v0,4(v1)
40001a98:	30420001 	andi	v0,v0,0x1
40001a9c:	1440fffc 	bnez	v0,40001a90 <hf_malloc+0x5c>
40001aa0:	00608821 	move	s1,v1
40001aa4:	14400008 	bnez	v0,40001ac8 <hf_malloc+0x94>
40001aa8:	00000000 	nop
40001aac:	8c640000 	lw	a0,0(v1)
40001ab0:	10800005 	beqz	a0,40001ac8 <hf_malloc+0x94>
40001ab4:	00000000 	nop
40001ab8:	8c820004 	lw	v0,4(a0)
40001abc:	30420001 	andi	v0,v0,0x1
40001ac0:	1040fffa 	beqz	v0,40001aac <hf_malloc+0x78>
40001ac4:	00801821 	move	v1,a0
40001ac8:	ae230000 	sw	v1,0(s1)
40001acc:	8c620000 	lw	v0,0(v1)
40001ad0:	01112023 	subu	a0,t0,s1
40001ad4:	00642021 	addu	a0,v1,a0
40001ad8:	02203821 	move	a3,s1
40001adc:	10400027 	beqz	v0,40001b7c <hf_malloc+0x148>
40001ae0:	ae240004 	sw	a0,4(s1)
40001ae4:	0086282b 	sltu	a1,a0,a2
40001ae8:	10a0000b 	beqz	a1,40001b18 <hf_malloc+0xe4>
40001aec:	00000000 	nop
40001af0:	00602021 	move	a0,v1
40001af4:	00401821 	move	v1,v0
40001af8:	8c820004 	lw	v0,4(a0)
40001afc:	30420001 	andi	v0,v0,0x1
40001b00:	1440ffe4 	bnez	v0,40001a94 <hf_malloc+0x60>
40001b04:	00000000 	nop
40001b08:	080006a9 	j	40001aa4 <hf_malloc+0x70>
40001b0c:	00801821 	move	v1,a0
40001b10:	8e240004 	lw	a0,4(s1)
40001b14:	02203821 	move	a3,s1
40001b18:	3c024008 	lui	v0,0x4008
40001b1c:	8c45e548 	lw	a1,-6840(v0)
40001b20:	2409fffe 	li	t1,-2
40001b24:	2408fff8 	li	t0,-8
40001b28:	01104023 	subu	t0,t0,s0
40001b2c:	00892024 	and	a0,a0,t1
40001b30:	00e63021 	addu	a2,a3,a2
40001b34:	01042021 	addu	a0,t0,a0
40001b38:	36070001 	ori	a3,s0,0x1
40001b3c:	24a5fff8 	addiu	a1,a1,-8
40001b40:	ae260000 	sw	a2,0(s1)
40001b44:	ae270004 	sw	a3,4(s1)
40001b48:	acc30000 	sw	v1,0(a2)
40001b4c:	00b08023 	subu	s0,a1,s0
40001b50:	acc40004 	sw	a0,4(a2)
40001b54:	264432b0 	addiu	a0,s2,12976
40001b58:	0c00070b 	jal	40001c2c <hf_mtxunlock>
40001b5c:	ac50e548 	sw	s0,-6840(v0)
40001b60:	26220008 	addiu	v0,s1,8
40001b64:	8fbf001c 	lw	ra,28(sp)
40001b68:	8fb20018 	lw	s2,24(sp)
40001b6c:	8fb10014 	lw	s1,20(sp)
40001b70:	8fb00010 	lw	s0,16(sp)
40001b74:	03e00008 	jr	ra
40001b78:	27bd0020 	addiu	sp,sp,32
40001b7c:	0086102b 	sltu	v0,a0,a2
40001b80:	1040ffe5 	beqz	v0,40001b18 <hf_malloc+0xe4>
40001b84:	00000000 	nop
40001b88:	0c00070b 	jal	40001c2c <hf_mtxunlock>
40001b8c:	264432b0 	addiu	a0,s2,12976
40001b90:	080006d9 	j	40001b64 <hf_malloc+0x130>
40001b94:	00001021 	move	v0,zero

40001b98 <heapinit>:
40001b98:	24a50003 	addiu	a1,a1,3
40001b9c:	2402fffc 	li	v0,-4
40001ba0:	00a21024 	and	v0,a1,v0
40001ba4:	2442fff0 	addiu	v0,v0,-16
40001ba8:	ac80fffc 	sw	zero,-4(a0)
40001bac:	ac820004 	sw	v0,4(a0)
40001bb0:	ac800000 	sw	zero,0(a0)
40001bb4:	3c044000 	lui	a0,0x4000
40001bb8:	3c034008 	lui	v1,0x4008
40001bbc:	248432b0 	addiu	a0,a0,12976
40001bc0:	080006f2 	j	40001bc8 <hf_mtxinit>
40001bc4:	ac62e548 	sw	v0,-6840(v1)

40001bc8 <hf_mtxinit>:
40001bc8:	ac800000 	sw	zero,0(a0)
40001bcc:	03e00008 	jr	ra
40001bd0:	00000000 	nop

40001bd4 <hf_mtxlock>:
40001bd4:	27bdffd8 	addiu	sp,sp,-40
40001bd8:	afb10020 	sw	s1,32(sp)
40001bdc:	afb0001c 	sw	s0,28(sp)
40001be0:	afbf0024 	sw	ra,36(sp)
40001be4:	00808821 	move	s1,a0
40001be8:	24100001 	li	s0,1
40001bec:	0c000082 	jal	40000208 <_interrupt_set>
40001bf0:	00002021 	move	a0,zero
40001bf4:	afa20014 	sw	v0,20(sp)
40001bf8:	8e220000 	lw	v0,0(s1)
40001bfc:	afa20010 	sw	v0,16(sp)
40001c00:	ae300000 	sw	s0,0(s1)
40001c04:	8fa40014 	lw	a0,20(sp)
40001c08:	0c000082 	jal	40000208 <_interrupt_set>
40001c0c:	00000000 	nop
40001c10:	8fa20010 	lw	v0,16(sp)
40001c14:	1050fff5 	beq	v0,s0,40001bec <hf_mtxlock+0x18>
40001c18:	8fbf0024 	lw	ra,36(sp)
40001c1c:	8fb10020 	lw	s1,32(sp)
40001c20:	8fb0001c 	lw	s0,28(sp)
40001c24:	03e00008 	jr	ra
40001c28:	27bd0028 	addiu	sp,sp,40

40001c2c <hf_mtxunlock>:
40001c2c:	ac800000 	sw	zero,0(a0)
40001c30:	03e00008 	jr	ra
40001c34:	00000000 	nop

40001c38 <panic>:
40001c38:	27bdffe8 	addiu	sp,sp,-24
40001c3c:	afb00010 	sw	s0,16(sp)
40001c40:	00808021 	move	s0,a0
40001c44:	afbf0014 	sw	ra,20(sp)
40001c48:	0c000082 	jal	40000208 <_interrupt_set>
40001c4c:	00002021 	move	a0,zero
40001c50:	3c024008 	lui	v0,0x4008
40001c54:	9445e538 	lhu	a1,-6856(v0)
40001c58:	3c044000 	lui	a0,0x4000
40001c5c:	0c000278 	jal	400009e0 <kprintf>
40001c60:	24842d04 	addiu	a0,a0,11524
40001c64:	2e02000e 	sltiu	v0,s0,14
40001c68:	14400009 	bnez	v0,40001c90 <panic+0x58>
40001c6c:	3c024000 	lui	v0,0x4000
40001c70:	3c044000 	lui	a0,0x4000
40001c74:	0c000278 	jal	400009e0 <kprintf>
40001c78:	24842e88 	addiu	a0,a0,11912
40001c7c:	3c044000 	lui	a0,0x4000
40001c80:	0c000507 	jal	4000141c <printf>
40001c84:	24842e98 	addiu	a0,a0,11928
40001c88:	08000722 	j	40001c88 <panic+0x50>
40001c8c:	00000000 	nop
40001c90:	00108080 	sll	s0,s0,0x2
40001c94:	24422eac 	addiu	v0,v0,11948
40001c98:	00501021 	addu	v0,v0,s0
40001c9c:	8c420000 	lw	v0,0(v0)
40001ca0:	00400008 	jr	v0
40001ca4:	00000000 	nop
40001ca8:	3c044000 	lui	a0,0x4000
40001cac:	0c000278 	jal	400009e0 <kprintf>
40001cb0:	24842e74 	addiu	a0,a0,11892
40001cb4:	08000720 	j	40001c80 <panic+0x48>
40001cb8:	3c044000 	lui	a0,0x4000
40001cbc:	3c044000 	lui	a0,0x4000
40001cc0:	0c000278 	jal	400009e0 <kprintf>
40001cc4:	24842e58 	addiu	a0,a0,11864
40001cc8:	08000720 	j	40001c80 <panic+0x48>
40001ccc:	3c044000 	lui	a0,0x4000
40001cd0:	3c044000 	lui	a0,0x4000
40001cd4:	0c000278 	jal	400009e0 <kprintf>
40001cd8:	24842e34 	addiu	a0,a0,11828
40001cdc:	08000720 	j	40001c80 <panic+0x48>
40001ce0:	3c044000 	lui	a0,0x4000
40001ce4:	3c044000 	lui	a0,0x4000
40001ce8:	0c000278 	jal	400009e0 <kprintf>
40001cec:	24842e14 	addiu	a0,a0,11796
40001cf0:	08000720 	j	40001c80 <panic+0x48>
40001cf4:	3c044000 	lui	a0,0x4000
40001cf8:	3c044000 	lui	a0,0x4000
40001cfc:	0c000278 	jal	400009e0 <kprintf>
40001d00:	24842df4 	addiu	a0,a0,11764
40001d04:	08000720 	j	40001c80 <panic+0x48>
40001d08:	3c044000 	lui	a0,0x4000
40001d0c:	3c044000 	lui	a0,0x4000
40001d10:	0c000278 	jal	400009e0 <kprintf>
40001d14:	24842ddc 	addiu	a0,a0,11740
40001d18:	08000720 	j	40001c80 <panic+0x48>
40001d1c:	3c044000 	lui	a0,0x4000
40001d20:	3c044000 	lui	a0,0x4000
40001d24:	0c000278 	jal	400009e0 <kprintf>
40001d28:	24842da8 	addiu	a0,a0,11688
40001d2c:	08000720 	j	40001c80 <panic+0x48>
40001d30:	3c044000 	lui	a0,0x4000
40001d34:	3c044000 	lui	a0,0x4000
40001d38:	0c000278 	jal	400009e0 <kprintf>
40001d3c:	24842dc0 	addiu	a0,a0,11712
40001d40:	08000720 	j	40001c80 <panic+0x48>
40001d44:	3c044000 	lui	a0,0x4000
40001d48:	3c044000 	lui	a0,0x4000
40001d4c:	0c000278 	jal	400009e0 <kprintf>
40001d50:	24842d90 	addiu	a0,a0,11664
40001d54:	08000720 	j	40001c80 <panic+0x48>
40001d58:	3c044000 	lui	a0,0x4000
40001d5c:	3c044000 	lui	a0,0x4000
40001d60:	0c000278 	jal	400009e0 <kprintf>
40001d64:	24842d80 	addiu	a0,a0,11648
40001d68:	08000720 	j	40001c80 <panic+0x48>
40001d6c:	3c044000 	lui	a0,0x4000
40001d70:	3c044000 	lui	a0,0x4000
40001d74:	0c000278 	jal	400009e0 <kprintf>
40001d78:	24842d60 	addiu	a0,a0,11616
40001d7c:	08000720 	j	40001c80 <panic+0x48>
40001d80:	3c044000 	lui	a0,0x4000
40001d84:	3c044000 	lui	a0,0x4000
40001d88:	0c000278 	jal	400009e0 <kprintf>
40001d8c:	24842d50 	addiu	a0,a0,11600
40001d90:	08000720 	j	40001c80 <panic+0x48>
40001d94:	3c044000 	lui	a0,0x4000
40001d98:	3c044000 	lui	a0,0x4000
40001d9c:	0c000278 	jal	400009e0 <kprintf>
40001da0:	24842d34 	addiu	a0,a0,11572
40001da4:	08000720 	j	40001c80 <panic+0x48>
40001da8:	3c044000 	lui	a0,0x4000
40001dac:	3c044000 	lui	a0,0x4000
40001db0:	0c000278 	jal	400009e0 <kprintf>
40001db4:	24842d20 	addiu	a0,a0,11552
40001db8:	08000720 	j	40001c80 <panic+0x48>
40001dbc:	3c044000 	lui	a0,0x4000

40001dc0 <hf_schedlock>:
40001dc0:	27bdffe8 	addiu	sp,sp,-24
40001dc4:	afbf0014 	sw	ra,20(sp)
40001dc8:	afb00010 	sw	s0,16(sp)
40001dcc:	0c0001b7 	jal	400006dc <_read_us>
40001dd0:	00808021 	move	s0,a0
40001dd4:	3c044000 	lui	a0,0x4000
40001dd8:	00602821 	move	a1,v1
40001ddc:	0c0002f5 	jal	40000bd4 <dprintf>
40001de0:	24842ee4 	addiu	a0,a0,12004
40001de4:	8fbf0014 	lw	ra,20(sp)
40001de8:	2e100001 	sltiu	s0,s0,1
40001dec:	3c024008 	lui	v0,0x4008
40001df0:	a450e554 	sh	s0,-6828(v0)
40001df4:	8fb00010 	lw	s0,16(sp)
40001df8:	03e00008 	jr	ra
40001dfc:	27bd0018 	addiu	sp,sp,24

40001e00 <hf_queue_create>:
40001e00:	27bdffe0 	addiu	sp,sp,-32
40001e04:	afb10018 	sw	s1,24(sp)
40001e08:	00808821 	move	s1,a0
40001e0c:	afb00014 	sw	s0,20(sp)
40001e10:	afbf001c 	sw	ra,28(sp)
40001e14:	0c00068d 	jal	40001a34 <hf_malloc>
40001e18:	24040014 	li	a0,20
40001e1c:	1040000a 	beqz	v0,40001e48 <hf_queue_create+0x48>
40001e20:	00408021 	move	s0,v0
40001e24:	26240001 	addiu	a0,s1,1
40001e28:	ac440000 	sw	a0,0(v0)
40001e2c:	0c00068d 	jal	40001a34 <hf_malloc>
40001e30:	00042080 	sll	a0,a0,0x2
40001e34:	1040000a 	beqz	v0,40001e60 <hf_queue_create+0x60>
40001e38:	ae020010 	sw	v0,16(s0)
40001e3c:	ae00000c 	sw	zero,12(s0)
40001e40:	ae000008 	sw	zero,8(s0)
40001e44:	ae000004 	sw	zero,4(s0)
40001e48:	8fbf001c 	lw	ra,28(sp)
40001e4c:	02001021 	move	v0,s0
40001e50:	8fb10018 	lw	s1,24(sp)
40001e54:	8fb00014 	lw	s0,20(sp)
40001e58:	03e00008 	jr	ra
40001e5c:	27bd0020 	addiu	sp,sp,32
40001e60:	0c000676 	jal	400019d8 <hf_free>
40001e64:	02002021 	move	a0,s0
40001e68:	08000792 	j	40001e48 <hf_queue_create+0x48>
40001e6c:	00008021 	move	s0,zero

40001e70 <hf_queue_count>:
40001e70:	03e00008 	jr	ra
40001e74:	8c820004 	lw	v0,4(a0)

40001e78 <hf_queue_addtail>:
40001e78:	8c820000 	lw	v0,0(a0)
40001e7c:	27bdffd8 	addiu	sp,sp,-40
40001e80:	afb30020 	sw	s3,32(sp)
40001e84:	afb10018 	sw	s1,24(sp)
40001e88:	afb00014 	sw	s0,20(sp)
40001e8c:	afbf0024 	sw	ra,36(sp)
40001e90:	afb2001c 	sw	s2,28(sp)
40001e94:	00808021 	move	s0,a0
40001e98:	00a09821 	move	s3,a1
40001e9c:	10400010 	beqz	v0,40001ee0 <hf_queue_addtail+0x68>
40001ea0:	2411ffff 	li	s1,-1
40001ea4:	8c92000c 	lw	s2,12(a0)
40001ea8:	00402821 	move	a1,v0
40001eac:	0c00054d 	jal	40001534 <__modsi3>
40001eb0:	26440001 	addiu	a0,s2,1
40001eb4:	8e030008 	lw	v1,8(s0)
40001eb8:	10620009 	beq	v1,v0,40001ee0 <hf_queue_addtail+0x68>
40001ebc:	00129080 	sll	s2,s2,0x2
40001ec0:	8e030004 	lw	v1,4(s0)
40001ec4:	8e040010 	lw	a0,16(s0)
40001ec8:	24630001 	addiu	v1,v1,1
40001ecc:	00929021 	addu	s2,a0,s2
40001ed0:	ae530000 	sw	s3,0(s2)
40001ed4:	00008821 	move	s1,zero
40001ed8:	ae02000c 	sw	v0,12(s0)
40001edc:	ae030004 	sw	v1,4(s0)
40001ee0:	8fbf0024 	lw	ra,36(sp)
40001ee4:	02201021 	move	v0,s1
40001ee8:	8fb30020 	lw	s3,32(sp)
40001eec:	8fb2001c 	lw	s2,28(sp)
40001ef0:	8fb10018 	lw	s1,24(sp)
40001ef4:	8fb00014 	lw	s0,20(sp)
40001ef8:	03e00008 	jr	ra
40001efc:	27bd0028 	addiu	sp,sp,40

40001f00 <hf_queue_remhead>:
40001f00:	8c850000 	lw	a1,0(a0)
40001f04:	27bdffe0 	addiu	sp,sp,-32
40001f08:	afb10018 	sw	s1,24(sp)
40001f0c:	afb00014 	sw	s0,20(sp)
40001f10:	afbf001c 	sw	ra,28(sp)
40001f14:	00808021 	move	s0,a0
40001f18:	10a0000e 	beqz	a1,40001f54 <hf_queue_remhead+0x54>
40001f1c:	00008821 	move	s1,zero
40001f20:	8c840008 	lw	a0,8(a0)
40001f24:	8e02000c 	lw	v0,12(s0)
40001f28:	1082000a 	beq	a0,v0,40001f54 <hf_queue_remhead+0x54>
40001f2c:	00041080 	sll	v0,a0,0x2
40001f30:	8e030010 	lw	v1,16(s0)
40001f34:	24840001 	addiu	a0,a0,1
40001f38:	00621021 	addu	v0,v1,v0
40001f3c:	0c00054d 	jal	40001534 <__modsi3>
40001f40:	8c510000 	lw	s1,0(v0)
40001f44:	8e030004 	lw	v1,4(s0)
40001f48:	ae020008 	sw	v0,8(s0)
40001f4c:	2463ffff 	addiu	v1,v1,-1
40001f50:	ae030004 	sw	v1,4(s0)
40001f54:	8fbf001c 	lw	ra,28(sp)
40001f58:	02201021 	move	v0,s1
40001f5c:	8fb00014 	lw	s0,20(sp)
40001f60:	8fb10018 	lw	s1,24(sp)
40001f64:	03e00008 	jr	ra
40001f68:	27bd0020 	addiu	sp,sp,32

40001f6c <hf_queue_get>:
40001f6c:	8c830000 	lw	v1,0(a0)
40001f70:	27bdffe8 	addiu	sp,sp,-24
40001f74:	afb00010 	sw	s0,16(sp)
40001f78:	afbf0014 	sw	ra,20(sp)
40001f7c:	00808021 	move	s0,a0
40001f80:	1060000f 	beqz	v1,40001fc0 <hf_queue_get+0x54>
40001f84:	00001021 	move	v0,zero
40001f88:	8c840004 	lw	a0,4(a0)
40001f8c:	00a4202a 	slt	a0,a1,a0
40001f90:	1080000c 	beqz	a0,40001fc4 <hf_queue_get+0x58>
40001f94:	8fbf0014 	lw	ra,20(sp)
40001f98:	8e040008 	lw	a0,8(s0)
40001f9c:	8e06000c 	lw	a2,12(s0)
40001fa0:	10860008 	beq	a0,a2,40001fc4 <hf_queue_get+0x58>
40001fa4:	00a42021 	addu	a0,a1,a0
40001fa8:	0c00054d 	jal	40001534 <__modsi3>
40001fac:	00602821 	move	a1,v1
40001fb0:	8e030010 	lw	v1,16(s0)
40001fb4:	00021080 	sll	v0,v0,0x2
40001fb8:	00621821 	addu	v1,v1,v0
40001fbc:	8c620000 	lw	v0,0(v1)
40001fc0:	8fbf0014 	lw	ra,20(sp)
40001fc4:	8fb00010 	lw	s0,16(sp)
40001fc8:	03e00008 	jr	ra
40001fcc:	27bd0018 	addiu	sp,sp,24

40001fd0 <hf_queue_swap>:
40001fd0:	27bdffd8 	addiu	sp,sp,-40
40001fd4:	afb10014 	sw	s1,20(sp)
40001fd8:	8c910000 	lw	s1,0(a0)
40001fdc:	afb3001c 	sw	s3,28(sp)
40001fe0:	afb00010 	sw	s0,16(sp)
40001fe4:	afbf0024 	sw	ra,36(sp)
40001fe8:	afb40020 	sw	s4,32(sp)
40001fec:	afb20018 	sw	s2,24(sp)
40001ff0:	00808021 	move	s0,a0
40001ff4:	00c09821 	move	s3,a2
40001ff8:	1220001c 	beqz	s1,4000206c <hf_queue_swap+0x9c>
40001ffc:	2402ffff 	li	v0,-1
40002000:	8c830004 	lw	v1,4(a0)
40002004:	00a3202a 	slt	a0,a1,v1
40002008:	10800018 	beqz	a0,4000206c <hf_queue_swap+0x9c>
4000200c:	00c3182a 	slt	v1,a2,v1
40002010:	10600017 	beqz	v1,40002070 <hf_queue_swap+0xa0>
40002014:	8fbf0024 	lw	ra,36(sp)
40002018:	8e120008 	lw	s2,8(s0)
4000201c:	8e03000c 	lw	v1,12(s0)
40002020:	12430013 	beq	s2,v1,40002070 <hf_queue_swap+0xa0>
40002024:	00b22021 	addu	a0,a1,s2
40002028:	8e140010 	lw	s4,16(s0)
4000202c:	0c00054d 	jal	40001534 <__modsi3>
40002030:	02202821 	move	a1,s1
40002034:	00021080 	sll	v0,v0,0x2
40002038:	02202821 	move	a1,s1
4000203c:	02722021 	addu	a0,s3,s2
40002040:	0c00054d 	jal	40001534 <__modsi3>
40002044:	02828821 	addu	s1,s4,v0
40002048:	00021880 	sll	v1,v0,0x2
4000204c:	0283a021 	addu	s4,s4,v1
40002050:	8e850000 	lw	a1,0(s4)
40002054:	8e240000 	lw	a0,0(s1)
40002058:	00001021 	move	v0,zero
4000205c:	ae250000 	sw	a1,0(s1)
40002060:	8e050010 	lw	a1,16(s0)
40002064:	00a31821 	addu	v1,a1,v1
40002068:	ac640000 	sw	a0,0(v1)
4000206c:	8fbf0024 	lw	ra,36(sp)
40002070:	8fb40020 	lw	s4,32(sp)
40002074:	8fb3001c 	lw	s3,28(sp)
40002078:	8fb20018 	lw	s2,24(sp)
4000207c:	8fb10014 	lw	s1,20(sp)
40002080:	8fb00010 	lw	s0,16(sp)
40002084:	03e00008 	jr	ra
40002088:	27bd0028 	addiu	sp,sp,40

4000208c <sched_be>:
4000208c:	27bdffc8 	addiu	sp,sp,-56
40002090:	afb50028 	sw	s5,40(sp)
40002094:	3c154008 	lui	s5,0x4008
40002098:	afbf0034 	sw	ra,52(sp)
4000209c:	afb6002c 	sw	s6,44(sp)
400020a0:	afb30020 	sw	s3,32(sp)
400020a4:	afb70030 	sw	s7,48(sp)
400020a8:	afb40024 	sw	s4,36(sp)
400020ac:	afb2001c 	sw	s2,28(sp)
400020b0:	afb10018 	sw	s1,24(sp)
400020b4:	0c0004f2 	jal	400013c8 <random>
400020b8:	afb00014 	sw	s0,20(sp)
400020bc:	96a5e544 	lhu	a1,-6844(s5)
400020c0:	00402021 	move	a0,v0
400020c4:	0c00054d 	jal	40001534 <__modsi3>
400020c8:	3c134008 	lui	s3,0x4008
400020cc:	8e64e54c 	lw	a0,-6836(s3)
400020d0:	0c00079c 	jal	40001e70 <hf_queue_count>
400020d4:	0040b021 	move	s6,v0
400020d8:	1040002d 	beqz	v0,40002190 <sched_be+0x104>
400020dc:	00000000 	nop
400020e0:	3c124008 	lui	s2,0x4008
400020e4:	00008021 	move	s0,zero
400020e8:	0240b821 	move	s7,s2
400020ec:	24140003 	li	s4,3
400020f0:	0c0007c0 	jal	40001f00 <hf_queue_remhead>
400020f4:	8e64e54c 	lw	a0,-6836(s3)
400020f8:	10400021 	beqz	v0,40002180 <sched_be+0xf4>
400020fc:	ae42e53c 	sw	v0,-6852(s2)
40002100:	8e64e54c 	lw	a0,-6836(s3)
40002104:	0c00079e 	jal	40001e78 <hf_queue_addtail>
40002108:	00402821 	move	a1,v0
4000210c:	14400018 	bnez	v0,40002170 <sched_be+0xe4>
40002110:	00000000 	nop
40002114:	8e51e53c 	lw	s1,-6852(s2)
40002118:	92220016 	lbu	v0,22(s1)
4000211c:	1054fff4 	beq	v0,s4,400020f0 <sched_be+0x64>
40002120:	02002021 	move	a0,s0
40002124:	96a5e544 	lhu	a1,-6844(s5)
40002128:	0c00054d 	jal	40001534 <__modsi3>
4000212c:	26100001 	addiu	s0,s0,1
40002130:	16c2ffef 	bne	s6,v0,400020f0 <sched_be+0x64>
40002134:	8fbf0034 	lw	ra,52(sp)
40002138:	8e230020 	lw	v1,32(s1)
4000213c:	96220000 	lhu	v0,0(s1)
40002140:	24630001 	addiu	v1,v1,1
40002144:	ae230020 	sw	v1,32(s1)
40002148:	8fb70030 	lw	s7,48(sp)
4000214c:	8fb6002c 	lw	s6,44(sp)
40002150:	8fb50028 	lw	s5,40(sp)
40002154:	8fb40024 	lw	s4,36(sp)
40002158:	8fb30020 	lw	s3,32(sp)
4000215c:	8fb2001c 	lw	s2,28(sp)
40002160:	8fb10018 	lw	s1,24(sp)
40002164:	8fb00014 	lw	s0,20(sp)
40002168:	03e00008 	jr	ra
4000216c:	27bd0038 	addiu	sp,sp,56
40002170:	0c00070e 	jal	40001c38 <panic>
40002174:	24040009 	li	a0,9
40002178:	08000846 	j	40002118 <sched_be+0x8c>
4000217c:	8e51e53c 	lw	s1,-6852(s2)
40002180:	0c00070e 	jal	40001c38 <panic>
40002184:	24040005 	li	a0,5
40002188:	08000840 	j	40002100 <sched_be+0x74>
4000218c:	8ee2e53c 	lw	v0,-6852(s7)
40002190:	0c00070e 	jal	40001c38 <panic>
40002194:	24040005 	li	a0,5
40002198:	08000839 	j	400020e4 <sched_be+0x58>
4000219c:	3c124008 	lui	s2,0x4008

400021a0 <sched_rt>:
400021a0:	27bdffc8 	addiu	sp,sp,-56
400021a4:	afb10014 	sw	s1,20(sp)
400021a8:	3c114008 	lui	s1,0x4008
400021ac:	8e24e550 	lw	a0,-6832(s1)
400021b0:	afb60028 	sw	s6,40(sp)
400021b4:	afbf0034 	sw	ra,52(sp)
400021b8:	afbe0030 	sw	s8,48(sp)
400021bc:	afb7002c 	sw	s7,44(sp)
400021c0:	afb50024 	sw	s5,36(sp)
400021c4:	afb40020 	sw	s4,32(sp)
400021c8:	afb3001c 	sw	s3,28(sp)
400021cc:	afb20018 	sw	s2,24(sp)
400021d0:	0c00079c 	jal	40001e70 <hf_queue_count>
400021d4:	afb00010 	sw	s0,16(sp)
400021d8:	0040b021 	move	s6,v0
400021dc:	16c0000d 	bnez	s6,40002214 <sched_rt+0x74>
400021e0:	00001021 	move	v0,zero
400021e4:	8fbf0034 	lw	ra,52(sp)
400021e8:	8fbe0030 	lw	s8,48(sp)
400021ec:	8fb7002c 	lw	s7,44(sp)
400021f0:	8fb60028 	lw	s6,40(sp)
400021f4:	8fb50024 	lw	s5,36(sp)
400021f8:	8fb40020 	lw	s4,32(sp)
400021fc:	8fb3001c 	lw	s3,28(sp)
40002200:	8fb20018 	lw	s2,24(sp)
40002204:	8fb10014 	lw	s1,20(sp)
40002208:	8fb00010 	lw	s0,16(sp)
4000220c:	03e00008 	jr	ra
40002210:	27bd0038 	addiu	sp,sp,56
40002214:	8e24e550 	lw	a0,-6832(s1)
40002218:	00009021 	move	s2,zero
4000221c:	0c00079c 	jal	40001e70 <hf_queue_count>
40002220:	0220a821 	move	s5,s1
40002224:	2457ffff 	addiu	s7,v0,-1
40002228:	00409821 	move	s3,v0
4000222c:	0257102a 	slt	v0,s2,s7
40002230:	10400022 	beqz	v0,400022bc <sched_rt+0x11c>
40002234:	26540001 	addiu	s4,s2,1
40002238:	0293102a 	slt	v0,s4,s3
4000223c:	1040001b 	beqz	v0,400022ac <sched_rt+0x10c>
40002240:	00000000 	nop
40002244:	08000896 	j	40002258 <sched_rt+0xb8>
40002248:	02808021 	move	s0,s4
4000224c:	26100001 	addiu	s0,s0,1
40002250:	12130016 	beq	s0,s3,400022ac <sched_rt+0x10c>
40002254:	00000000 	nop
40002258:	8e24e550 	lw	a0,-6832(s1)
4000225c:	0c0007db 	jal	40001f6c <hf_queue_get>
40002260:	02402821 	move	a1,s2
40002264:	8e24e550 	lw	a0,-6832(s1)
40002268:	02002821 	move	a1,s0
4000226c:	0c0007db 	jal	40001f6c <hf_queue_get>
40002270:	0040f021 	move	s8,v0
40002274:	94420028 	lhu	v0,40(v0)
40002278:	97c30028 	lhu	v1,40(s8)
4000227c:	0043102b 	sltu	v0,v0,v1
40002280:	1040fff2 	beqz	v0,4000224c <sched_rt+0xac>
40002284:	8ea4e550 	lw	a0,-6832(s5)
40002288:	02003021 	move	a2,s0
4000228c:	0c0007f4 	jal	40001fd0 <hf_queue_swap>
40002290:	02402821 	move	a1,s2
40002294:	1040ffed 	beqz	v0,4000224c <sched_rt+0xac>
40002298:	2404000c 	li	a0,12
4000229c:	0c00070e 	jal	40001c38 <panic>
400022a0:	26100001 	addiu	s0,s0,1
400022a4:	1613ffed 	bne	s0,s3,4000225c <sched_rt+0xbc>
400022a8:	8e24e550 	lw	a0,-6832(s1)
400022ac:	02809021 	move	s2,s4
400022b0:	0297102a 	slt	v0,s4,s7
400022b4:	1440ffe0 	bnez	v0,40002238 <sched_rt+0x98>
400022b8:	26540001 	addiu	s4,s2,1
400022bc:	1ac00031 	blez	s6,40002384 <sched_rt+0x1e4>
400022c0:	3c124008 	lui	s2,0x4008
400022c4:	0000a021 	move	s4,zero
400022c8:	00008021 	move	s0,zero
400022cc:	0240a821 	move	s5,s2
400022d0:	24130003 	li	s3,3
400022d4:	0c0007c0 	jal	40001f00 <hf_queue_remhead>
400022d8:	8e24e550 	lw	a0,-6832(s1)
400022dc:	1040003d 	beqz	v0,400023d4 <sched_rt+0x234>
400022e0:	ae42e53c 	sw	v0,-6852(s2)
400022e4:	8e24e550 	lw	a0,-6832(s1)
400022e8:	0c00079e 	jal	40001e78 <hf_queue_addtail>
400022ec:	00402821 	move	a1,v0
400022f0:	14400034 	bnez	v0,400023c4 <sched_rt+0x224>
400022f4:	00000000 	nop
400022f8:	8e42e53c 	lw	v0,-6852(s2)
400022fc:	90430016 	lbu	v1,22(v0)
40002300:	1073000d 	beq	v1,s3,40002338 <sched_rt+0x198>
40002304:	00000000 	nop
40002308:	9443002e 	lhu	v1,46(v0)
4000230c:	1060000a 	beqz	v1,40002338 <sched_rt+0x198>
40002310:	00000000 	nop
40002314:	16800008 	bnez	s4,40002338 <sched_rt+0x198>
40002318:	2463ffff 	addiu	v1,v1,-1
4000231c:	3063ffff 	andi	v1,v1,0xffff
40002320:	94540000 	lhu	s4,0(v0)
40002324:	14600004 	bnez	v1,40002338 <sched_rt+0x198>
40002328:	a443002e 	sh	v1,46(v0)
4000232c:	8c43001c 	lw	v1,28(v0)
40002330:	24630001 	addiu	v1,v1,1
40002334:	ac43001c 	sw	v1,28(v0)
40002338:	94430030 	lhu	v1,48(v0)
4000233c:	2463ffff 	addiu	v1,v1,-1
40002340:	3063ffff 	andi	v1,v1,0xffff
40002344:	1460000a 	bnez	v1,40002370 <sched_rt+0x1d0>
40002348:	a4430030 	sh	v1,48(v0)
4000234c:	94440028 	lhu	a0,40(v0)
40002350:	9443002e 	lhu	v1,46(v0)
40002354:	10600004 	beqz	v1,40002368 <sched_rt+0x1c8>
40002358:	a4440030 	sh	a0,48(v0)
4000235c:	8c430024 	lw	v1,36(v0)
40002360:	24630001 	addiu	v1,v1,1
40002364:	ac430024 	sw	v1,36(v0)
40002368:	9443002a 	lhu	v1,42(v0)
4000236c:	a443002e 	sh	v1,46(v0)
40002370:	26100001 	addiu	s0,s0,1
40002374:	1616ffd7 	bne	s0,s6,400022d4 <sched_rt+0x134>
40002378:	00000000 	nop
4000237c:	16800019 	bnez	s4,400023e4 <sched_rt+0x244>
40002380:	00141880 	sll	v1,s4,0x2
40002384:	8fbf0034 	lw	ra,52(sp)
40002388:	3c024000 	lui	v0,0x4000
4000238c:	244232b4 	addiu	v0,v0,12980
40002390:	ae42e53c 	sw	v0,-6852(s2)
40002394:	8fbe0030 	lw	s8,48(sp)
40002398:	00001021 	move	v0,zero
4000239c:	8fb7002c 	lw	s7,44(sp)
400023a0:	8fb60028 	lw	s6,40(sp)
400023a4:	8fb50024 	lw	s5,36(sp)
400023a8:	8fb40020 	lw	s4,32(sp)
400023ac:	8fb3001c 	lw	s3,28(sp)
400023b0:	8fb20018 	lw	s2,24(sp)
400023b4:	8fb10014 	lw	s1,20(sp)
400023b8:	8fb00010 	lw	s0,16(sp)
400023bc:	03e00008 	jr	ra
400023c0:	27bd0038 	addiu	sp,sp,56
400023c4:	0c00070e 	jal	40001c38 <panic>
400023c8:	2404000b 	li	a0,11
400023cc:	080008bf 	j	400022fc <sched_rt+0x15c>
400023d0:	8e42e53c 	lw	v0,-6852(s2)
400023d4:	0c00070e 	jal	40001c38 <panic>
400023d8:	24040006 	li	a0,6
400023dc:	080008b9 	j	400022e4 <sched_rt+0x144>
400023e0:	8ea2e53c 	lw	v0,-6852(s5)
400023e4:	00141140 	sll	v0,s4,0x5
400023e8:	00621021 	addu	v0,v1,v0
400023ec:	00541021 	addu	v0,v0,s4
400023f0:	3c034000 	lui	v1,0x4000
400023f4:	8fbf0034 	lw	ra,52(sp)
400023f8:	00021080 	sll	v0,v0,0x2
400023fc:	246332b4 	addiu	v1,v1,12980
40002400:	00621021 	addu	v0,v1,v0
40002404:	ae42e53c 	sw	v0,-6852(s2)
40002408:	8fbe0030 	lw	s8,48(sp)
4000240c:	02801021 	move	v0,s4
40002410:	8fb7002c 	lw	s7,44(sp)
40002414:	8fb60028 	lw	s6,40(sp)
40002418:	8fb50024 	lw	s5,36(sp)
4000241c:	8fb40020 	lw	s4,32(sp)
40002420:	8fb3001c 	lw	s3,28(sp)
40002424:	8fb20018 	lw	s2,24(sp)
40002428:	8fb10014 	lw	s1,20(sp)
4000242c:	8fb00010 	lw	s0,16(sp)
40002430:	03e00008 	jr	ra
40002434:	27bd0038 	addiu	sp,sp,56

40002438 <dispatch_isr>:
40002438:	27bdffc8 	addiu	sp,sp,-56
4000243c:	afbf0034 	sw	ra,52(sp)
40002440:	afb40030 	sw	s4,48(sp)
40002444:	afb3002c 	sw	s3,44(sp)
40002448:	afb20028 	sw	s2,40(sp)
4000244c:	afb10024 	sw	s1,36(sp)
40002450:	0c0001b7 	jal	400006dc <_read_us>
40002454:	afb00020 	sw	s0,32(sp)
40002458:	3c044000 	lui	a0,0x4000
4000245c:	00602821 	move	a1,v1
40002460:	0c0002f5 	jal	40000bd4 <dprintf>
40002464:	24842f34 	addiu	a0,a0,12084
40002468:	0c0001db 	jal	4000076c <_timer_reset>
4000246c:	00000000 	nop
40002470:	3c024008 	lui	v0,0x4008
40002474:	9442e554 	lhu	v0,-6828(v0)
40002478:	14400009 	bnez	v0,400024a0 <dispatch_isr+0x68>
4000247c:	3c024008 	lui	v0,0x4008
40002480:	8fbf0034 	lw	ra,52(sp)
40002484:	8fb40030 	lw	s4,48(sp)
40002488:	8fb3002c 	lw	s3,44(sp)
4000248c:	8fb20028 	lw	s2,40(sp)
40002490:	8fb10024 	lw	s1,36(sp)
40002494:	8fb00020 	lw	s0,32(sp)
40002498:	03e00008 	jr	ra
4000249c:	27bd0038 	addiu	sp,sp,56
400024a0:	9443e538 	lhu	v1,-6856(v0)
400024a4:	00032080 	sll	a0,v1,0x2
400024a8:	00031140 	sll	v0,v1,0x5
400024ac:	00821021 	addu	v0,a0,v0
400024b0:	00431821 	addu	v1,v0,v1
400024b4:	3c024000 	lui	v0,0x4000
400024b8:	00031880 	sll	v1,v1,0x2
400024bc:	244232b4 	addiu	v0,v0,12980
400024c0:	00431021 	addu	v0,v0,v1
400024c4:	24440034 	addiu	a0,v0,52
400024c8:	3c034008 	lui	v1,0x4008
400024cc:	0c000088 	jal	40000220 <setjmp>
400024d0:	ac62e53c 	sw	v0,-6852(v1)
400024d4:	1440ffea 	bnez	v0,40002480 <dispatch_isr+0x48>
400024d8:	3c024008 	lui	v0,0x4008
400024dc:	8c42e53c 	lw	v0,-6852(v0)
400024e0:	24030002 	li	v1,2
400024e4:	90440016 	lbu	a0,22(v0)
400024e8:	10830068 	beq	a0,v1,4000268c <dispatch_isr+0x254>
400024ec:	24030001 	li	v1,1
400024f0:	8c420088 	lw	v0,136(v0)
400024f4:	8c430000 	lw	v1,0(v0)
400024f8:	3c02b00b 	lui	v0,0xb00b
400024fc:	3442b00b 	ori	v0,v0,0xb00b
40002500:	10620004 	beq	v1,v0,40002514 <dispatch_isr+0xdc>
40002504:	3c024008 	lui	v0,0x4008
40002508:	0c00070e 	jal	40001c38 <panic>
4000250c:	24040002 	li	a0,2
40002510:	3c024008 	lui	v0,0x4008
40002514:	9442e544 	lhu	v0,-6844(v0)
40002518:	10400052 	beqz	v0,40002664 <dispatch_isr+0x22c>
4000251c:	3c114008 	lui	s1,0x4008
40002520:	0c00079c 	jal	40001e70 <hf_queue_count>
40002524:	8e24e558 	lw	a0,-6824(s1)
40002528:	18400020 	blez	v0,400025ac <dispatch_isr+0x174>
4000252c:	00409021 	move	s2,v0
40002530:	00008021 	move	s0,zero
40002534:	3c144008 	lui	s4,0x4008
40002538:	08000957 	j	4000255c <dispatch_isr+0x124>
4000253c:	3c134008 	lui	s3,0x4008
40002540:	0c00079e 	jal	40001e78 <hf_queue_addtail>
40002544:	00402821 	move	a1,v0
40002548:	1440005b 	bnez	v0,400026b8 <dispatch_isr+0x280>
4000254c:	00000000 	nop
40002550:	26100001 	addiu	s0,s0,1
40002554:	12120015 	beq	s0,s2,400025ac <dispatch_isr+0x174>
40002558:	00000000 	nop
4000255c:	0c0007c0 	jal	40001f00 <hf_queue_remhead>
40002560:	8e24e558 	lw	a0,-6824(s1)
40002564:	10400058 	beqz	v0,400026c8 <dispatch_isr+0x290>
40002568:	00000000 	nop
4000256c:	8c430018 	lw	v1,24(v0)
40002570:	2463ffff 	addiu	v1,v1,-1
40002574:	14600047 	bnez	v1,40002694 <dispatch_isr+0x25c>
40002578:	ac430018 	sw	v1,24(v0)
4000257c:	94430028 	lhu	v1,40(v0)
40002580:	1460ffef 	bnez	v1,40002540 <dispatch_isr+0x108>
40002584:	8e64e550 	lw	a0,-6832(s3)
40002588:	8e84e54c 	lw	a0,-6836(s4)
4000258c:	0c00079e 	jal	40001e78 <hf_queue_addtail>
40002590:	00402821 	move	a1,v0
40002594:	1040ffee 	beqz	v0,40002550 <dispatch_isr+0x118>
40002598:	24040009 	li	a0,9
4000259c:	0c00070e 	jal	40001c38 <panic>
400025a0:	26100001 	addiu	s0,s0,1
400025a4:	1612ffed 	bne	s0,s2,4000255c <dispatch_isr+0x124>
400025a8:	00000000 	nop
400025ac:	0c000868 	jal	400021a0 <sched_rt>
400025b0:	3c104008 	lui	s0,0x4008
400025b4:	3054ffff 	andi	s4,v0,0xffff
400025b8:	16800005 	bnez	s4,400025d0 <dispatch_isr+0x198>
400025bc:	a614e538 	sh	s4,-6856(s0)
400025c0:	0c000823 	jal	4000208c <sched_be>
400025c4:	00000000 	nop
400025c8:	3054ffff 	andi	s4,v0,0xffff
400025cc:	a614e538 	sh	s4,-6856(s0)
400025d0:	3c034008 	lui	v1,0x4008
400025d4:	3c104008 	lui	s0,0x4008
400025d8:	2463e52c 	addiu	v1,v1,-6868
400025dc:	8e02e53c 	lw	v0,-6852(s0)
400025e0:	8c640004 	lw	a0,4(v1)
400025e4:	24050002 	li	a1,2
400025e8:	94530028 	lhu	s3,40(v0)
400025ec:	9452002a 	lhu	s2,42(v0)
400025f0:	24840001 	addiu	a0,a0,1
400025f4:	9451002c 	lhu	s1,44(v0)
400025f8:	a0450016 	sb	a1,22(v0)
400025fc:	0c0001b7 	jal	400006dc <_read_us>
40002600:	ac640004 	sw	a0,4(v1)
40002604:	3c044000 	lui	a0,0x4000
40002608:	02403821 	move	a3,s2
4000260c:	02802821 	move	a1,s4
40002610:	02603021 	move	a2,s3
40002614:	24842f44 	addiu	a0,a0,12100
40002618:	afa30014 	sw	v1,20(sp)
4000261c:	0c0002f5 	jal	40000bd4 <dprintf>
40002620:	afb10010 	sw	s1,16(sp)
40002624:	8e04e53c 	lw	a0,-6852(s0)
40002628:	3c024008 	lui	v0,0x4008
4000262c:	9446e538 	lhu	a2,-6856(v0)
40002630:	24840034 	addiu	a0,a0,52
40002634:	0c0000a6 	jal	40000298 <_restoreexec>
40002638:	24050001 	li	a1,1
4000263c:	0c00070e 	jal	40001c38 <panic>
40002640:	240400ff 	li	a0,255
40002644:	8fbf0034 	lw	ra,52(sp)
40002648:	8fb40030 	lw	s4,48(sp)
4000264c:	8fb3002c 	lw	s3,44(sp)
40002650:	8fb20028 	lw	s2,40(sp)
40002654:	8fb10024 	lw	s1,36(sp)
40002658:	8fb00020 	lw	s0,32(sp)
4000265c:	03e00008 	jr	ra
40002660:	27bd0038 	addiu	sp,sp,56
40002664:	0c00070e 	jal	40001c38 <panic>
40002668:	24040003 	li	a0,3
4000266c:	8fbf0034 	lw	ra,52(sp)
40002670:	8fb40030 	lw	s4,48(sp)
40002674:	8fb3002c 	lw	s3,44(sp)
40002678:	8fb20028 	lw	s2,40(sp)
4000267c:	8fb10024 	lw	s1,36(sp)
40002680:	8fb00020 	lw	s0,32(sp)
40002684:	03e00008 	jr	ra
40002688:	27bd0038 	addiu	sp,sp,56
4000268c:	0800093c 	j	400024f0 <dispatch_isr+0xb8>
40002690:	a0430016 	sb	v1,22(v0)
40002694:	8e24e558 	lw	a0,-6824(s1)
40002698:	0c00079e 	jal	40001e78 <hf_queue_addtail>
4000269c:	00402821 	move	a1,v0
400026a0:	1040ffab 	beqz	v0,40002550 <dispatch_isr+0x118>
400026a4:	00000000 	nop
400026a8:	0c00070e 	jal	40001c38 <panic>
400026ac:	2404000a 	li	a0,10
400026b0:	08000955 	j	40002554 <dispatch_isr+0x11c>
400026b4:	26100001 	addiu	s0,s0,1
400026b8:	0c00070e 	jal	40001c38 <panic>
400026bc:	2404000b 	li	a0,11
400026c0:	08000955 	j	40002554 <dispatch_isr+0x11c>
400026c4:	26100001 	addiu	s0,s0,1
400026c8:	24040007 	li	a0,7
400026cc:	0c00070e 	jal	40001c38 <panic>
400026d0:	afa20018 	sw	v0,24(sp)
400026d4:	0800095b 	j	4000256c <dispatch_isr+0x134>
400026d8:	8fa20018 	lw	v0,24(sp)

400026dc <hf_selfid>:
400026dc:	27bdffe8 	addiu	sp,sp,-24
400026e0:	afbf0014 	sw	ra,20(sp)
400026e4:	0c0001b7 	jal	400006dc <_read_us>
400026e8:	00000000 	nop
400026ec:	3c044000 	lui	a0,0x4000
400026f0:	00602821 	move	a1,v1
400026f4:	0c0002f5 	jal	40000bd4 <dprintf>
400026f8:	24842f74 	addiu	a0,a0,12148
400026fc:	3c024008 	lui	v0,0x4008
40002700:	8c42e53c 	lw	v0,-6852(v0)
40002704:	8fbf0014 	lw	ra,20(sp)
40002708:	27bd0018 	addiu	sp,sp,24
4000270c:	03e00008 	jr	ra
40002710:	94420000 	lhu	v0,0(v0)

40002714 <hf_spawn>:
40002714:	27bdffa0 	addiu	sp,sp,-96
40002718:	afbf005c 	sw	ra,92(sp)
4000271c:	afb60050 	sw	s6,80(sp)
40002720:	afb20040 	sw	s2,64(sp)
40002724:	afb1003c 	sw	s1,60(sp)
40002728:	afb00038 	sw	s0,56(sp)
4000272c:	30b1ffff 	andi	s1,a1,0xffff
40002730:	30d0ffff 	andi	s0,a2,0xffff
40002734:	00809021 	move	s2,a0
40002738:	30f6ffff 	andi	s6,a3,0xffff
4000273c:	afbe0058 	sw	s8,88(sp)
40002740:	afb70054 	sw	s7,84(sp)
40002744:	afb5004c 	sw	s5,76(sp)
40002748:	afb40048 	sw	s4,72(sp)
4000274c:	afb30044 	sw	s3,68(sp)
40002750:	afa00028 	sw	zero,40(sp)
40002754:	0c0001b7 	jal	400006dc <_read_us>
40002758:	00000000 	nop
4000275c:	3c044000 	lui	a0,0x4000
40002760:	00602821 	move	a1,v1
40002764:	0c0002f5 	jal	40000bd4 <dprintf>
40002768:	24842fc8 	addiu	a0,a0,12232
4000276c:	0230182b 	sltu	v1,s1,s0
40002770:	1460007f 	bnez	v1,40002970 <hf_spawn+0x25c>
40002774:	2402ff9b 	li	v0,-101
40002778:	02d0182b 	sltu	v1,s6,s0
4000277c:	1460007d 	bnez	v1,40002974 <hf_spawn+0x260>
40002780:	8fbf005c 	lw	ra,92(sp)
40002784:	0c000082 	jal	40000208 <_interrupt_set>
40002788:	00002021 	move	a0,zero
4000278c:	afa2002c 	sw	v0,44(sp)
40002790:	3c134000 	lui	s3,0x4000
40002794:	8fa20028 	lw	v0,40(sp)
40002798:	080009f0 	j	400027c0 <hf_spawn+0xac>
4000279c:	267332b4 	addiu	s3,s3,12980
400027a0:	8fa20028 	lw	v0,40(sp)
400027a4:	2c42001e 	sltiu	v0,v0,30
400027a8:	1040000e 	beqz	v0,400027e4 <hf_spawn+0xd0>
400027ac:	00000000 	nop
400027b0:	8fa20028 	lw	v0,40(sp)
400027b4:	24420001 	addiu	v0,v0,1
400027b8:	afa20028 	sw	v0,40(sp)
400027bc:	8fa20028 	lw	v0,40(sp)
400027c0:	00022080 	sll	a0,v0,0x2
400027c4:	00021940 	sll	v1,v0,0x5
400027c8:	00831821 	addu	v1,a0,v1
400027cc:	00621021 	addu	v0,v1,v0
400027d0:	00021080 	sll	v0,v0,0x2
400027d4:	02621021 	addu	v0,s3,v0
400027d8:	8c420084 	lw	v0,132(v0)
400027dc:	1440fff0 	bnez	v0,400027a0 <hf_spawn+0x8c>
400027e0:	00000000 	nop
400027e4:	8fa30028 	lw	v1,40(sp)
400027e8:	2402001e 	li	v0,30
400027ec:	10620084 	beq	v1,v0,40002a00 <hf_spawn+0x2ec>
400027f0:	00000000 	nop
400027f4:	8fa20028 	lw	v0,40(sp)
400027f8:	3c174008 	lui	s7,0x4008
400027fc:	96e7e544 	lhu	a3,-6844(s7)
40002800:	00022080 	sll	a0,v0,0x2
40002804:	00021940 	sll	v1,v0,0x5
40002808:	00831821 	addu	v1,a0,v1
4000280c:	00621021 	addu	v0,v1,v0
40002810:	8fa30028 	lw	v1,40(sp)
40002814:	8fa50070 	lw	a1,112(sp)
40002818:	00021080 	sll	v0,v0,0x2
4000281c:	02621021 	addu	v0,s3,v0
40002820:	3c144008 	lui	s4,0x4008
40002824:	24e70001 	addiu	a3,a3,1
40002828:	24060014 	li	a2,20
4000282c:	a4430000 	sh	v1,0(v0)
40002830:	24440002 	addiu	a0,v0,2
40002834:	a6e7e544 	sh	a3,-6844(s7)
40002838:	0c0004ca 	jal	40001328 <strncpy>
4000283c:	ae82e53c 	sw	v0,-6852(s4)
40002840:	8fb50074 	lw	s5,116(sp)
40002844:	8e9ee53c 	lw	s8,-6852(s4)
40002848:	26b50003 	addiu	s5,s5,3
4000284c:	0015a882 	srl	s5,s5,0x2
40002850:	0015a880 	sll	s5,s5,0x2
40002854:	02a02021 	move	a0,s5
40002858:	a3c00016 	sb	zero,22(s8)
4000285c:	afc00018 	sw	zero,24(s8)
40002860:	a7d10028 	sh	s1,40(s8)
40002864:	a7d0002a 	sh	s0,42(s8)
40002868:	a7d6002c 	sh	s6,44(s8)
4000286c:	a7d0002e 	sh	s0,46(s8)
40002870:	a7d60030 	sh	s6,48(s8)
40002874:	afc0001c 	sw	zero,28(s8)
40002878:	afc00020 	sw	zero,32(s8)
4000287c:	afc00024 	sw	zero,36(s8)
40002880:	afd20084 	sw	s2,132(s8)
40002884:	0c00068d 	jal	40001a34 <hf_malloc>
40002888:	afd5008c 	sw	s5,140(s8)
4000288c:	8e83e53c 	lw	v1,-6852(s4)
40002890:	afc20088 	sw	v0,136(s8)
40002894:	8c650088 	lw	a1,136(v1)
40002898:	94640000 	lhu	a0,0(v1)
4000289c:	24a5fffc 	addiu	a1,a1,-4
400028a0:	0c000194 	jal	40000650 <_set_task_sp>
400028a4:	00b52821 	addu	a1,a1,s5
400028a8:	8e82e53c 	lw	v0,-6852(s4)
400028ac:	8c450084 	lw	a1,132(v0)
400028b0:	0c0001aa 	jal	400006a8 <_set_task_tp>
400028b4:	94440000 	lhu	a0,0(v0)
400028b8:	8e85e53c 	lw	a1,-6852(s4)
400028bc:	8ca20088 	lw	v0,136(a1)
400028c0:	10400040 	beqz	v0,400029c4 <hf_spawn+0x2b0>
400028c4:	3c03b00b 	lui	v1,0xb00b
400028c8:	94be0000 	lhu	s8,0(a1)
400028cc:	3463b00b 	ori	v1,v1,0xb00b
400028d0:	94b70028 	lhu	s7,40(a1)
400028d4:	94b6002a 	lhu	s6,42(a1)
400028d8:	94b2002c 	lhu	s2,44(a1)
400028dc:	8cb00084 	lw	s0,132(a1)
400028e0:	03c02021 	move	a0,s8
400028e4:	ac430000 	sw	v1,0(v0)
400028e8:	0c00019f 	jal	4000067c <_get_task_sp>
400028ec:	afa50030 	sw	a1,48(sp)
400028f0:	8fa50030 	lw	a1,48(sp)
400028f4:	3c044000 	lui	a0,0x4000
400028f8:	24843000 	addiu	a0,a0,12288
400028fc:	24a50002 	addiu	a1,a1,2
40002900:	03c03021 	move	a2,s8
40002904:	02e03821 	move	a3,s7
40002908:	afb60010 	sw	s6,16(sp)
4000290c:	afb20014 	sw	s2,20(sp)
40002910:	afb00018 	sw	s0,24(sp)
40002914:	afa2001c 	sw	v0,28(sp)
40002918:	0c000278 	jal	400009e0 <kprintf>
4000291c:	afb50020 	sw	s5,32(sp)
40002920:	1620001f 	bnez	s1,400029a0 <hf_spawn+0x28c>
40002924:	3c024008 	lui	v0,0x4008
40002928:	3c024008 	lui	v0,0x4008
4000292c:	8c44e54c 	lw	a0,-6836(v0)
40002930:	0c00079e 	jal	40001e78 <hf_queue_addtail>
40002934:	8e85e53c 	lw	a1,-6852(s4)
40002938:	1440002d 	bnez	v0,400029f0 <hf_spawn+0x2dc>
4000293c:	00000000 	nop
40002940:	3c024008 	lui	v0,0x4008
40002944:	9442e538 	lhu	v0,-6856(v0)
40002948:	8fa4002c 	lw	a0,44(sp)
4000294c:	00022880 	sll	a1,v0,0x2
40002950:	00021940 	sll	v1,v0,0x5
40002954:	00a31821 	addu	v1,a1,v1
40002958:	00621021 	addu	v0,v1,v0
4000295c:	00021080 	sll	v0,v0,0x2
40002960:	02629821 	addu	s3,s3,v0
40002964:	0c000082 	jal	40000208 <_interrupt_set>
40002968:	ae93e53c 	sw	s3,-6852(s4)
4000296c:	8fa20028 	lw	v0,40(sp)
40002970:	8fbf005c 	lw	ra,92(sp)
40002974:	8fbe0058 	lw	s8,88(sp)
40002978:	8fb70054 	lw	s7,84(sp)
4000297c:	8fb60050 	lw	s6,80(sp)
40002980:	8fb5004c 	lw	s5,76(sp)
40002984:	8fb40048 	lw	s4,72(sp)
40002988:	8fb30044 	lw	s3,68(sp)
4000298c:	8fb20040 	lw	s2,64(sp)
40002990:	8fb1003c 	lw	s1,60(sp)
40002994:	8fb00038 	lw	s0,56(sp)
40002998:	03e00008 	jr	ra
4000299c:	27bd0060 	addiu	sp,sp,96
400029a0:	8c44e550 	lw	a0,-6832(v0)
400029a4:	0c00079e 	jal	40001e78 <hf_queue_addtail>
400029a8:	8e85e53c 	lw	a1,-6852(s4)
400029ac:	1040ffe4 	beqz	v0,40002940 <hf_spawn+0x22c>
400029b0:	00000000 	nop
400029b4:	0c00070e 	jal	40001c38 <panic>
400029b8:	2404000b 	li	a0,11
400029bc:	08000a51 	j	40002944 <hf_spawn+0x230>
400029c0:	3c024008 	lui	v0,0x4008
400029c4:	96e2e544 	lhu	v0,-6844(s7)
400029c8:	3c044000 	lui	a0,0x4000
400029cc:	aca00084 	sw	zero,132(a1)
400029d0:	2442ffff 	addiu	v0,v0,-1
400029d4:	24843048 	addiu	a0,a0,12360
400029d8:	0c000278 	jal	400009e0 <kprintf>
400029dc:	a6e2e544 	sh	v0,-6844(s7)
400029e0:	2402ff98 	li	v0,-104
400029e4:	afa20028 	sw	v0,40(sp)
400029e8:	08000a51 	j	40002944 <hf_spawn+0x230>
400029ec:	3c024008 	lui	v0,0x4008
400029f0:	0c00070e 	jal	40001c38 <panic>
400029f4:	24040009 	li	a0,9
400029f8:	08000a51 	j	40002944 <hf_spawn+0x230>
400029fc:	3c024008 	lui	v0,0x4008
40002a00:	3c044000 	lui	a0,0x4000
40002a04:	24842fd8 	addiu	a0,a0,12248
40002a08:	0c000278 	jal	400009e0 <kprintf>
40002a0c:	2405001e 	li	a1,30
40002a10:	8fa4002c 	lw	a0,44(sp)
40002a14:	0c000082 	jal	40000208 <_interrupt_set>
40002a18:	00000000 	nop
40002a1c:	08000a5c 	j	40002970 <hf_spawn+0x25c>
40002a20:	2402ff99 	li	v0,-103
